2018-11-07 01:08:22.3434 | DEBUG | New_year_gifts.NewYearsGift | NewYearsGift: Items from xml succsessfully were added
2018-11-07 13:08:48.7242 | DEBUG | New_year_gifts.NewYearsGift | NewYearsGift: Items from xml succsessfully were added
2018-11-07 13:12:07.7463 | DEBUG | New_year_gifts.NewYearsGift | NewYearsGift: Items from xml succsessfully were added
2018-11-07 13:12:27.6043 | DEBUG | New_year_gifts.NewYearsGift | NewYearsGift: Items from xml succsessfully were added
2018-11-07 13:20:16.6097 | DEBUG | New_year_gifts.NewYearsGift | NewYearsGift: Items from xml succsessfully were added
2018-11-07 13:24:28.2498 | DEBUG | New_year_gifts.NewYearsGift | NewYearsGift: Items from xml succsessfully were added
2018-11-07 13:32:56.0538 | DEBUG | New_year_gifts.NewYearsGift | NewYearsGift: Items from xml succsessfully were added
2018-11-07 13:39:32.0792 | DEBUG | New_year_gifts.NewYearsGift | NewYearsGift: Items from xml succsessfully were added
2018-11-07 13:47:16.4997 | DEBUG | New_year_gifts.NewYearsGift | NewYearsGift: Items from xml succsessfully were added
2018-11-07 13:53:24.5814 | DEBUG | New_year_gifts.NewYearsGift | NewYearsGift: Items from xml succsessfully were added
2018-11-07 13:57:24.7499 | DEBUG | New_year_gifts.NewYearsGift | NewYearsGift: Items from xml succsessfully were added
2018-11-07 13:59:04.9944 | DEBUG | New_year_gifts.NewYearsGift | NewYearsGift: Items from xml succsessfully were added
2018-11-07 14:03:28.1833 | DEBUG | New_year_gifts.NewYearsGift | NewYearsGift: Items from xml succsessfully were added
2018-11-07 14:07:40.6646 | DEBUG | New_year_gifts.NewYearsGift | NewYearsGift: Items from xml succsessfully were added
2018-11-07 14:15:49.9093 | DEBUG | New_year_gifts.NewYearsGift | NewYearsGift: Items from xml succsessfully were added
2018-11-07 14:21:04.7341 | DEBUG | New_year_gifts.NewYearsGift | NewYearsGift: Items from xml succsessfully were added
2018-11-07 14:28:37.3741 | DEBUG | New_year_gifts.NewYearsGift | NewYearsGift: Items from xml succsessfully were added
2018-11-07 14:29:03.3123 | DEBUG | New_year_gifts.NewYearsGift | NewYearsGift: Items from xml succsessfully were added
2018-11-07 14:29:05.8169 | DEBUG | New_year_gifts.NewYearsGift | NewYearsGift: Items from xml succsessfully were added
2018-11-07 14:29:14.8741 | DEBUG | New_year_gifts.NewYearsGift | NewYearsGift: Items from xml succsessfully were added
2018-11-07 14:30:03.2438 | DEBUG | New_year_gifts.NewYearsGift | NewYearsGift: Items from xml were added succsessfully 
2018-11-07 14:30:04.5827 | DEBUG | New_year_gifts.NewYearsGift | NewYearsGift: Manufacturers were loaded succsessfully 
2018-11-07 14:31:11.4776 | DEBUG | New_year_gifts.NewYearsGift | NewYearsGift: Items from xml were added succsessfully 
2018-11-07 14:31:11.5116 | DEBUG | New_year_gifts.NewYearsGift | NewYearsGift: Manufacturers were loaded succsessfully 
2018-11-07 14:31:11.6014 | DEBUG | New_year_gifts.NewYearsGift | NewYearsGift: Manufacturers were loaded succsessfully 
2018-11-07 14:31:11.6014 | DEBUG | New_year_gifts.NewYearsGift | NewYearsGift: Manufacturers were loaded succsessfully 
2018-11-07 14:33:42.3436 | DEBUG | New_year_gifts.NewYearsGift | NewYearsGift: Items from xml were added succsessfully 
2018-11-07 14:33:42.3866 | DEBUG | New_year_gifts.NewYearsGift | NewYearsGift: Manufacturers were loaded succsessfully 
2018-11-07 14:33:42.3936 | DEBUG | New_year_gifts.NewYearsGift | NewYearsGift: Manufacturers were loaded succsessfully 
2018-11-07 14:33:42.3936 | DEBUG | New_year_gifts.NewYearsGift | NewYearsGift: Manufacturers were loaded succsessfully 
2018-11-07 14:33:42.3936 | DEBUG | New_year_gifts.NewYearsGift | NewYearsGift: Types were loaded succsessfully 
2018-11-07 14:33:42.4116 | DEBUG | New_year_gifts.NewYearsGift | NewYearsGift: Types were loaded succsessfully 
2018-11-07 14:33:42.4116 | DEBUG | New_year_gifts.NewYearsGift | NewYearsGift: Types were loaded succsessfully 
2018-11-07 14:33:42.4256 | DEBUG | New_year_gifts.NewYearsGift | NewYearsGift: Types were loaded succsessfully 
2018-11-07 14:35:13.7237 | DEBUG | New_year_gifts.NewYearsGift | NewYearsGift: Items from xml were added succsessfully 
2018-11-07 14:35:13.7817 | DEBUG | New_year_gifts.NewYearsGift | NewYearsGift: Manufacturers were loaded succsessfully 
2018-11-07 14:35:13.7817 | DEBUG | New_year_gifts.NewYearsGift | NewYearsGift: Manufacturers were loaded succsessfully 
2018-11-07 14:35:13.7987 | DEBUG | New_year_gifts.NewYearsGift | NewYearsGift: Manufacturers were loaded succsessfully 
2018-11-07 14:35:13.7987 | DEBUG | New_year_gifts.NewYearsGift | NewYearsGift: Types were loaded succsessfully 
2018-11-07 14:35:13.8148 | DEBUG | New_year_gifts.NewYearsGift | NewYearsGift: Types were loaded succsessfully 
2018-11-07 14:43:39.3839 | DEBUG | New_year_gifts.NewYearsGift | NewYearsGift: Items from xml were added succsessfully 
2018-11-07 14:43:39.4209 | DEBUG | New_year_gifts.NewYearsGift | NewYearsGift: Manufacturers were loaded succsessfully 
2018-11-07 14:43:39.4259 | DEBUG | New_year_gifts.NewYearsGift | NewYearsGift: Manufacturers were loaded succsessfully 
2018-11-07 14:43:39.4259 | DEBUG | New_year_gifts.NewYearsGift | NewYearsGift: Manufacturers were loaded succsessfully 
2018-11-07 14:43:39.4259 | DEBUG | New_year_gifts.NewYearsGift | NewYearsGift: Types were loaded succsessfully 
2018-11-07 14:43:39.4399 | DEBUG | New_year_gifts.NewYearsGift | NewYearsGift: Types were loaded succsessfully 
2018-11-07 15:01:26.2903 | DEBUG | New_year_gifts.NewYearsGift | NewYearsGift: Items from xml succsessfully were added
2018-11-07 15:02:36.1423 | DEBUG | New_year_gifts.NewYearsGift | NewYearsGift: Items from xml succsessfully were added
2018-11-07 15:02:36.1761 | DEBUG | New_year_gifts.NewYearsGift | NewYearsGift: Manufacturers were loaded succsessfully 
2018-11-07 15:02:36.1761 | DEBUG | New_year_gifts.NewYearsGift | NewYearsGift: Manufacturers were loaded succsessfully 
2018-11-07 15:02:36.1761 | DEBUG | New_year_gifts.NewYearsGift | NewYearsGift: Manufacturers were loaded succsessfully 
2018-11-07 15:02:36.1911 | DEBUG | New_year_gifts.NewYearsGift | NewYearsGift: Types were loaded succsessfully 
2018-11-07 15:02:36.1911 | DEBUG | New_year_gifts.NewYearsGift | NewYearsGift: Types were loaded succsessfully 
2018-11-07 15:02:36.1911 | DEBUG | New_year_gifts.NewYearsGift | NewYearsGift: Types were loaded succsessfully 
2018-11-07 15:03:25.6550 | DEBUG | New_year_gifts.NewYearsGift | NewYearsGift: Items from xml succsessfully were added
2018-11-07 15:03:25.6879 | DEBUG | New_year_gifts.NewYearsGift | NewYearsGift: Manufacturers were loaded succsessfully 
2018-11-07 15:03:25.6879 | DEBUG | New_year_gifts.NewYearsGift | NewYearsGift: Manufacturers were loaded succsessfully 
2018-11-07 15:03:25.6879 | DEBUG | New_year_gifts.NewYearsGift | NewYearsGift: Manufacturers were loaded succsessfully 
2018-11-07 15:03:25.6879 | DEBUG | New_year_gifts.NewYearsGift | NewYearsGift: Types were loaded succsessfully 
2018-11-07 15:03:25.7069 | DEBUG | New_year_gifts.NewYearsGift | NewYearsGift: Types were loaded succsessfully 
2018-11-07 15:03:25.7069 | DEBUG | New_year_gifts.NewYearsGift | NewYearsGift: Types were loaded succsessfully 
2018-11-07 15:03:25.7069 | DEBUG | New_year_gifts.NewYearsGift | NewYearsGift: Types were loaded succsessfully 
2018-11-07 15:04:38.4562 | DEBUG | New_year_gifts.NewYearsGift | NewYearsGift: Items from xml succsessfully were added
2018-11-07 15:04:38.5017 | DEBUG | New_year_gifts.NewYearsGift | NewYearsGift: Manufacturers were loaded succsessfully 
2018-11-07 15:04:38.5017 | DEBUG | New_year_gifts.NewYearsGift | NewYearsGift: Manufacturers were loaded succsessfully 
2018-11-07 15:04:38.5177 | DEBUG | New_year_gifts.NewYearsGift | NewYearsGift: Manufacturers were loaded succsessfully 
2018-11-07 15:04:38.5177 | DEBUG | New_year_gifts.NewYearsGift | NewYearsGift: Types were loaded succsessfully 
2018-11-07 15:04:38.5337 | DEBUG | New_year_gifts.NewYearsGift | NewYearsGift: Types were loaded succsessfully 
2018-11-07 15:04:38.5337 | DEBUG | New_year_gifts.NewYearsGift | NewYearsGift: Types were loaded succsessfully 
2018-11-07 15:05:15.0853 | DEBUG | New_year_gifts.NewYearsGift | NewYearsGift: Items from xml succsessfully were added
2018-11-07 15:05:15.1213 | DEBUG | New_year_gifts.NewYearsGift | NewYearsGift: Manufacturers were loaded succsessfully 
2018-11-07 15:05:15.1263 | DEBUG | New_year_gifts.NewYearsGift | NewYearsGift: Manufacturers were loaded succsessfully 
2018-11-07 15:05:15.1263 | DEBUG | New_year_gifts.NewYearsGift | NewYearsGift: Manufacturers were loaded succsessfully 
2018-11-07 15:05:15.1263 | DEBUG | New_year_gifts.NewYearsGift | NewYearsGift: Types were loaded succsessfully 
2018-11-07 15:05:15.1443 | DEBUG | New_year_gifts.NewYearsGift | NewYearsGift: Types were loaded succsessfully 
2018-11-07 15:05:44.6193 | DEBUG | New_year_gifts.NewYearsGift | NewYearsGift: Items from xml were added succsessfully 
2018-11-07 15:05:44.6552 | DEBUG | New_year_gifts.NewYearsGift | NewYearsGift: Manufacturers were loaded succsessfully 
2018-11-07 15:05:44.6612 | DEBUG | New_year_gifts.NewYearsGift | NewYearsGift: Manufacturers were loaded succsessfully 
2018-11-07 15:05:44.6612 | DEBUG | New_year_gifts.NewYearsGift | NewYearsGift: Manufacturers were loaded succsessfully 
2018-11-07 15:05:44.6612 | DEBUG | New_year_gifts.NewYearsGift | NewYearsGift: Types were loaded succsessfully 
2018-11-07 15:05:44.6762 | DEBUG | New_year_gifts.NewYearsGift | NewYearsGift: Types were loaded succsessfully 
2018-11-07 15:06:05.4043 | DEBUG | New_year_gifts.NewYearsGift | NewYearsGift: Items from xml succsessfully were added
2018-11-07 15:06:05.4382 | DEBUG | New_year_gifts.NewYearsGift | NewYearsGift: Manufacturers were loaded succsessfully 
2018-11-07 15:06:05.4382 | DEBUG | New_year_gifts.NewYearsGift | NewYearsGift: Manufacturers were loaded succsessfully 
2018-11-07 15:06:05.4382 | DEBUG | New_year_gifts.NewYearsGift | NewYearsGift: Manufacturers were loaded succsessfully 
2018-11-07 15:06:05.4532 | DEBUG | New_year_gifts.NewYearsGift | NewYearsGift: Types were loaded succsessfully 
2018-11-07 15:06:05.4532 | DEBUG | New_year_gifts.NewYearsGift | NewYearsGift: Types were loaded succsessfully 
2018-11-07 15:09:51.8993 | DEBUG | New_year_gifts.NewYearsGift | NewYearsGift: Items from xml succsessfully were added
2018-11-07 15:09:51.9333 | DEBUG | New_year_gifts.NewYearsGift | NewYearsGift: Manufacturers were loaded succsessfully 
2018-11-07 15:09:51.9383 | DEBUG | New_year_gifts.NewYearsGift | NewYearsGift: Manufacturers were loaded succsessfully 
2018-11-07 15:09:51.9383 | DEBUG | New_year_gifts.NewYearsGift | NewYearsGift: Manufacturers were loaded succsessfully 
2018-11-07 15:09:51.9383 | DEBUG | New_year_gifts.NewYearsGift | NewYearsGift: Types were loaded succsessfully 
2018-11-07 15:09:51.9543 | DEBUG | New_year_gifts.NewYearsGift | NewYearsGift: Types were loaded succsessfully 
2018-11-07 15:11:17.0832 | DEBUG | New_year_gifts.NewYearsGift | NewYearsGift: Items from xml succsessfully were added
2018-11-07 15:11:17.1221 | DEBUG | New_year_gifts.NewYearsGift | NewYearsGift: Manufacturers were loaded succsessfully 
2018-11-07 15:11:17.1311 | DEBUG | New_year_gifts.NewYearsGift | NewYearsGift: Manufacturers were loaded succsessfully 
2018-11-07 15:11:17.1311 | DEBUG | New_year_gifts.NewYearsGift | NewYearsGift: Manufacturers were loaded succsessfully 
2018-11-07 15:11:17.1431 | DEBUG | New_year_gifts.NewYearsGift | NewYearsGift: Types were loaded succsessfully 
2018-11-07 15:11:17.1431 | DEBUG | New_year_gifts.NewYearsGift | NewYearsGift: Types were loaded succsessfully 
2018-11-07 15:11:52.6895 | DEBUG | New_year_gifts.NewYearsGift | NewYearsGift: Items from xml succsessfully were added
2018-11-07 15:11:52.7234 | DEBUG | New_year_gifts.NewYearsGift | NewYearsGift: Manufacturers were loaded succsessfully 
2018-11-07 15:11:52.7234 | DEBUG | New_year_gifts.NewYearsGift | NewYearsGift: Manufacturers were loaded succsessfully 
2018-11-07 15:11:52.7344 | DEBUG | New_year_gifts.NewYearsGift | NewYearsGift: Manufacturers were loaded succsessfully 
2018-11-07 15:11:52.7344 | DEBUG | New_year_gifts.NewYearsGift | NewYearsGift: Types were loaded succsessfully 
2018-11-07 15:11:52.7344 | DEBUG | New_year_gifts.NewYearsGift | NewYearsGift: Types were loaded succsessfully 
2018-11-07 15:14:35.6312 | DEBUG | New_year_gifts.NewYearsGift | NewYearsGift: Items from xml succsessfully were added
2018-11-07 15:14:35.6859 | DEBUG | New_year_gifts.NewYearsGift | NewYearsGift: Manufacturers were loaded succsessfully 
2018-11-07 15:14:35.6949 | DEBUG | New_year_gifts.NewYearsGift | NewYearsGift: Manufacturers were loaded succsessfully 
2018-11-07 15:14:35.7039 | DEBUG | New_year_gifts.NewYearsGift | NewYearsGift: Manufacturers were loaded succsessfully 
2018-11-07 15:14:35.7039 | DEBUG | New_year_gifts.NewYearsGift | NewYearsGift: Types were loaded succsessfully 
2018-11-07 15:14:35.7199 | DEBUG | New_year_gifts.NewYearsGift | NewYearsGift: Types were loaded succsessfully 
2018-11-07 15:15:06.5562 | DEBUG | New_year_gifts.NewYearsGift | NewYearsGift: Items from xml succsessfully were added
2018-11-07 15:15:06.6353 | DEBUG | New_year_gifts.NewYearsGift | NewYearsGift: Manufacturers were loaded succsessfully 
2018-11-07 15:15:06.6433 | DEBUG | New_year_gifts.NewYearsGift | NewYearsGift: Manufacturers were loaded succsessfully 
2018-11-07 15:15:06.6433 | DEBUG | New_year_gifts.NewYearsGift | NewYearsGift: Manufacturers were loaded succsessfully 
2018-11-07 15:15:06.6583 | DEBUG | New_year_gifts.NewYearsGift | NewYearsGift: Types were loaded succsessfully 
2018-11-07 15:15:06.6583 | DEBUG | New_year_gifts.NewYearsGift | NewYearsGift: Types were loaded succsessfully 
2018-11-07 15:15:40.5390 | DEBUG | New_year_gifts.NewYearsGift | NewYearsGift: Items from xml succsessfully were added
2018-11-07 15:15:40.5798 | DEBUG | New_year_gifts.NewYearsGift | NewYearsGift: Manufacturers were loaded succsessfully 
2018-11-07 15:15:40.5798 | DEBUG | New_year_gifts.NewYearsGift | NewYearsGift: Manufacturers were loaded succsessfully 
2018-11-07 15:15:40.5798 | DEBUG | New_year_gifts.NewYearsGift | NewYearsGift: Manufacturers were loaded succsessfully 
2018-11-07 15:15:40.5958 | DEBUG | New_year_gifts.NewYearsGift | NewYearsGift: Types were loaded succsessfully 
2018-11-07 15:15:40.5958 | DEBUG | New_year_gifts.NewYearsGift | NewYearsGift: Types were loaded succsessfully 
2018-11-07 15:46:10.2515 | DEBUG | New_year_gifts.NewYearsGift | NewYearsGift: Items from xml succsessfully were added
2018-11-07 15:46:10.2854 | DEBUG | New_year_gifts.NewYearsGift | NewYearsGift: Manufacturers were loaded succsessfully 
2018-11-07 15:46:10.2854 | DEBUG | New_year_gifts.NewYearsGift | NewYearsGift: Manufacturers were loaded succsessfully 
2018-11-07 15:46:10.2964 | DEBUG | New_year_gifts.NewYearsGift | NewYearsGift: Manufacturers were loaded succsessfully 
2018-11-07 15:46:10.2964 | DEBUG | New_year_gifts.NewYearsGift | NewYearsGift: Types were loaded succsessfully 
2018-11-07 15:46:10.2964 | DEBUG | New_year_gifts.NewYearsGift | NewYearsGift: Types were loaded succsessfully 
2018-11-07 15:54:31.2141 | DEBUG | New_year_gifts.NewYearsGift | NewYearsGift: Items from xml succsessfully were added
2018-11-07 15:54:31.2481 | DEBUG | New_year_gifts.NewYearsGift | NewYearsGift: Manufacturers were loaded succsessfully 
2018-11-07 15:54:31.2531 | DEBUG | New_year_gifts.NewYearsGift | NewYearsGift: Manufacturers were loaded succsessfully 
2018-11-07 15:54:31.2531 | DEBUG | New_year_gifts.NewYearsGift | NewYearsGift: Manufacturers were loaded succsessfully 
2018-11-07 15:54:31.2531 | DEBUG | New_year_gifts.NewYearsGift | NewYearsGift: Types were loaded succsessfully 
2018-11-07 15:54:31.2701 | DEBUG | New_year_gifts.NewYearsGift | NewYearsGift: Types were loaded succsessfully 
2018-11-07 15:55:13.7043 | DEBUG | New_year_gifts.NewYearsGift | NewYearsGift: Items from xml succsessfully were added
2018-11-07 15:55:13.7443 | DEBUG | New_year_gifts.NewYearsGift | NewYearsGift: Manufacturers were loaded succsessfully 
2018-11-07 15:55:13.7503 | DEBUG | New_year_gifts.NewYearsGift | NewYearsGift: Manufacturers were loaded succsessfully 
2018-11-07 15:55:13.7503 | DEBUG | New_year_gifts.NewYearsGift | NewYearsGift: Manufacturers were loaded succsessfully 
2018-11-07 15:55:13.7503 | DEBUG | New_year_gifts.NewYearsGift | NewYearsGift: Types were loaded succsessfully 
2018-11-07 15:55:13.7723 | DEBUG | New_year_gifts.NewYearsGift | NewYearsGift: Types were loaded succsessfully 
2018-11-07 15:55:50.7585 | DEBUG | New_year_gifts.NewYearsGift | NewYearsGift: Items from xml succsessfully were added
2018-11-07 15:55:50.7915 | DEBUG | New_year_gifts.NewYearsGift | NewYearsGift: Manufacturers were loaded succsessfully 
2018-11-07 15:55:50.7965 | DEBUG | New_year_gifts.NewYearsGift | NewYearsGift: Manufacturers were loaded succsessfully 
2018-11-07 15:55:50.7965 | DEBUG | New_year_gifts.NewYearsGift | NewYearsGift: Manufacturers were loaded succsessfully 
2018-11-07 15:55:50.7965 | DEBUG | New_year_gifts.NewYearsGift | NewYearsGift: Types were loaded succsessfully 
2018-11-07 15:55:50.8165 | DEBUG | New_year_gifts.NewYearsGift | NewYearsGift: Types were loaded succsessfully 
2018-11-07 15:58:22.0364 | DEBUG | New_year_gifts.NewYearsGift | NewYearsGift: Items from xml succsessfully were added
2018-11-07 15:58:22.0698 | DEBUG | New_year_gifts.NewYearsGift | NewYearsGift: Manufacturers were loaded succsessfully 
2018-11-07 15:58:22.0698 | DEBUG | New_year_gifts.NewYearsGift | NewYearsGift: Manufacturers were loaded succsessfully 
2018-11-07 15:58:22.0803 | DEBUG | New_year_gifts.NewYearsGift | NewYearsGift: Manufacturers were loaded succsessfully 
2018-11-07 15:58:22.0803 | DEBUG | New_year_gifts.NewYearsGift | NewYearsGift: Types were loaded succsessfully 
2018-11-07 15:58:22.0803 | DEBUG | New_year_gifts.NewYearsGift | NewYearsGift: Types were loaded succsessfully 
2018-11-07 15:59:11.8405 | DEBUG | New_year_gifts.NewYearsGift | NewYearsGift: Items from xml succsessfully were added
2018-11-07 15:59:11.8745 | DEBUG | New_year_gifts.NewYearsGift | NewYearsGift: Manufacturers were loaded succsessfully 
2018-11-07 15:59:11.8745 | DEBUG | New_year_gifts.NewYearsGift | NewYearsGift: Manufacturers were loaded succsessfully 
2018-11-07 15:59:11.8745 | DEBUG | New_year_gifts.NewYearsGift | NewYearsGift: Manufacturers were loaded succsessfully 
2018-11-07 15:59:11.8905 | DEBUG | New_year_gifts.NewYearsGift | NewYearsGift: Types were loaded succsessfully 
2018-11-07 15:59:11.8905 | DEBUG | New_year_gifts.NewYearsGift | NewYearsGift: Types were loaded succsessfully 
2018-11-07 16:00:02.2844 | DEBUG | New_year_gifts.NewYearsGift | NewYearsGift: Items from xml succsessfully were added
2018-11-07 16:00:02.3184 | DEBUG | New_year_gifts.NewYearsGift | NewYearsGift: Manufacturers were loaded succsessfully 
2018-11-07 16:00:02.3184 | DEBUG | New_year_gifts.NewYearsGift | NewYearsGift: Manufacturers were loaded succsessfully 
2018-11-07 16:00:02.3324 | DEBUG | New_year_gifts.NewYearsGift | NewYearsGift: Manufacturers were loaded succsessfully 
2018-11-07 16:00:02.3324 | DEBUG | New_year_gifts.NewYearsGift | NewYearsGift: Types were loaded succsessfully 
2018-11-07 16:00:02.3444 | DEBUG | New_year_gifts.NewYearsGift | NewYearsGift: Types were loaded succsessfully 
2018-11-07 16:00:57.5866 | DEBUG | New_year_gifts.NewYearsGift | NewYearsGift: Items from xml succsessfully were added
2018-11-07 16:00:57.6216 | DEBUG | New_year_gifts.NewYearsGift | NewYearsGift: Manufacturers were loaded succsessfully 
2018-11-07 16:00:57.6276 | DEBUG | New_year_gifts.NewYearsGift | NewYearsGift: Manufacturers were loaded succsessfully 
2018-11-07 16:00:57.6276 | DEBUG | New_year_gifts.NewYearsGift | NewYearsGift: Manufacturers were loaded succsessfully 
2018-11-07 16:00:57.6406 | DEBUG | New_year_gifts.NewYearsGift | NewYearsGift: Types were loaded succsessfully 
2018-11-07 16:00:57.6406 | DEBUG | New_year_gifts.NewYearsGift | NewYearsGift: Types were loaded succsessfully 
2018-11-07 16:08:40.3192 | DEBUG | New_year_gifts.NewYearsGift | NewYearsGift: Items from xml succsessfully were added
2018-11-07 16:08:40.3542 | DEBUG | New_year_gifts.NewYearsGift | NewYearsGift: Manufacturers were loaded succsessfully 
2018-11-07 16:08:40.3592 | DEBUG | New_year_gifts.NewYearsGift | NewYearsGift: Manufacturers were loaded succsessfully 
2018-11-07 16:08:40.3592 | DEBUG | New_year_gifts.NewYearsGift | NewYearsGift: Manufacturers were loaded succsessfully 
2018-11-07 16:08:40.3592 | DEBUG | New_year_gifts.NewYearsGift | NewYearsGift: Types were loaded succsessfully 
2018-11-07 16:08:40.3752 | DEBUG | New_year_gifts.NewYearsGift | NewYearsGift: Types were loaded succsessfully 
2018-11-07 16:09:12.0744 | DEBUG | New_year_gifts.NewYearsGift | NewYearsGift: Items from xml succsessfully were added
2018-11-07 16:09:12.1094 | DEBUG | New_year_gifts.NewYearsGift | NewYearsGift: Manufacturers were loaded succsessfully 
2018-11-07 16:09:12.1094 | DEBUG | New_year_gifts.NewYearsGift | NewYearsGift: Manufacturers were loaded succsessfully 
2018-11-07 16:09:12.1094 | DEBUG | New_year_gifts.NewYearsGift | NewYearsGift: Manufacturers were loaded succsessfully 
2018-11-07 16:09:12.1259 | DEBUG | New_year_gifts.NewYearsGift | NewYearsGift: Types were loaded succsessfully 
2018-11-07 16:09:12.1259 | DEBUG | New_year_gifts.NewYearsGift | NewYearsGift: Types were loaded succsessfully 
2018-11-07 16:13:04.1203 | DEBUG | New_year_gifts.NewYearsGift | NewYearsGift: Items from xml succsessfully were added
2018-11-07 16:13:04.1548 | DEBUG | New_year_gifts.NewYearsGift | NewYearsGift: Manufacturers were loaded succsessfully 
2018-11-07 16:13:04.1608 | DEBUG | New_year_gifts.NewYearsGift | NewYearsGift: Manufacturers were loaded succsessfully 
2018-11-07 16:13:04.1608 | DEBUG | New_year_gifts.NewYearsGift | NewYearsGift: Manufacturers were loaded succsessfully 
2018-11-07 16:13:04.1718 | DEBUG | New_year_gifts.NewYearsGift | NewYearsGift: Types were loaded succsessfully 
2018-11-07 16:13:04.1718 | DEBUG | New_year_gifts.NewYearsGift | NewYearsGift: Types were loaded succsessfully 
2018-11-07 16:13:24.5751 | DEBUG | New_year_gifts.NewYearsGift | NewYearsGift: Items from xml succsessfully were added
2018-11-07 16:13:24.6101 | DEBUG | New_year_gifts.NewYearsGift | NewYearsGift: Manufacturers were loaded succsessfully 
2018-11-07 16:13:24.6101 | DEBUG | New_year_gifts.NewYearsGift | NewYearsGift: Manufacturers were loaded succsessfully 
2018-11-07 16:13:24.6101 | DEBUG | New_year_gifts.NewYearsGift | NewYearsGift: Manufacturers were loaded succsessfully 
2018-11-07 16:13:24.6271 | DEBUG | New_year_gifts.NewYearsGift | NewYearsGift: Types were loaded succsessfully 
2018-11-07 16:13:24.6271 | DEBUG | New_year_gifts.NewYearsGift | NewYearsGift: Types were loaded succsessfully 
2018-11-07 16:14:35.7710 | DEBUG | New_year_gifts.NewYearsGift | NewYearsGift: Items from xml succsessfully were added
2018-11-07 16:14:35.8070 | DEBUG | New_year_gifts.NewYearsGift | NewYearsGift: Manufacturers were loaded succsessfully 
2018-11-07 16:14:35.8140 | DEBUG | New_year_gifts.NewYearsGift | NewYearsGift: Manufacturers were loaded succsessfully 
2018-11-07 16:14:35.8140 | DEBUG | New_year_gifts.NewYearsGift | NewYearsGift: Manufacturers were loaded succsessfully 
2018-11-07 16:14:35.8300 | DEBUG | New_year_gifts.NewYearsGift | NewYearsGift: Types were loaded succsessfully 
2018-11-07 16:14:35.8300 | DEBUG | New_year_gifts.NewYearsGift | NewYearsGift: Types were loaded succsessfully 
2018-11-07 16:15:24.5655 | DEBUG | New_year_gifts.NewYearsGift | NewYearsGift: Items from xml succsessfully were added
2018-11-07 16:15:24.5994 | DEBUG | New_year_gifts.NewYearsGift | NewYearsGift: Manufacturers were loaded succsessfully 
2018-11-07 16:15:24.5994 | DEBUG | New_year_gifts.NewYearsGift | NewYearsGift: Manufacturers were loaded succsessfully 
2018-11-07 16:15:24.6114 | DEBUG | New_year_gifts.NewYearsGift | NewYearsGift: Manufacturers were loaded succsessfully 
2018-11-07 16:15:24.6114 | DEBUG | New_year_gifts.NewYearsGift | NewYearsGift: Types were loaded succsessfully 
2018-11-07 16:15:24.6254 | DEBUG | New_year_gifts.NewYearsGift | NewYearsGift: Types were loaded succsessfully 
2018-11-07 16:16:31.0580 | DEBUG | New_year_gifts.NewYearsGift | NewYearsGift: Items from xml succsessfully were added
2018-11-07 16:16:31.0919 | DEBUG | New_year_gifts.NewYearsGift | NewYearsGift: Manufacturers were loaded succsessfully 
2018-11-07 16:16:31.0999 | DEBUG | New_year_gifts.NewYearsGift | NewYearsGift: Manufacturers were loaded succsessfully 
2018-11-07 16:16:31.0999 | DEBUG | New_year_gifts.NewYearsGift | NewYearsGift: Manufacturers were loaded succsessfully 
2018-11-07 16:16:31.1119 | DEBUG | New_year_gifts.NewYearsGift | NewYearsGift: Types were loaded succsessfully 
2018-11-07 16:16:31.1119 | DEBUG | New_year_gifts.NewYearsGift | NewYearsGift: Types were loaded succsessfully 
2018-11-07 16:18:02.7754 | DEBUG | New_year_gifts.NewYearsGift | NewYearsGift: Items from xml succsessfully were added
2018-11-07 16:18:02.8134 | DEBUG | New_year_gifts.NewYearsGift | NewYearsGift: Manufacturers were loaded succsessfully 
2018-11-07 16:18:02.8134 | DEBUG | New_year_gifts.NewYearsGift | NewYearsGift: Manufacturers were loaded succsessfully 
2018-11-07 16:18:02.8134 | DEBUG | New_year_gifts.NewYearsGift | NewYearsGift: Manufacturers were loaded succsessfully 
2018-11-07 16:18:02.8316 | DEBUG | New_year_gifts.NewYearsGift | NewYearsGift: Types were loaded succsessfully 
2018-11-07 16:18:02.8316 | DEBUG | New_year_gifts.NewYearsGift | NewYearsGift: Types were loaded succsessfully 
2018-11-07 16:18:53.3884 | DEBUG | New_year_gifts.NewYearsGift | NewYearsGift: Items from xml succsessfully were added
2018-11-07 16:18:53.4224 | DEBUG | New_year_gifts.NewYearsGift | NewYearsGift: Manufacturers were loaded succsessfully 
2018-11-07 16:18:53.4224 | DEBUG | New_year_gifts.NewYearsGift | NewYearsGift: Manufacturers were loaded succsessfully 
2018-11-07 16:18:53.4224 | DEBUG | New_year_gifts.NewYearsGift | NewYearsGift: Manufacturers were loaded succsessfully 
2018-11-07 16:18:53.4404 | DEBUG | New_year_gifts.NewYearsGift | NewYearsGift: Types were loaded succsessfully 
2018-11-07 16:18:53.4404 | DEBUG | New_year_gifts.NewYearsGift | NewYearsGift: Types were loaded succsessfully 
2018-11-07 16:20:20.3243 | DEBUG | New_year_gifts.NewYearsGift | NewYearsGift: Items from xml succsessfully were added
2018-11-07 16:20:20.3717 | DEBUG | New_year_gifts.NewYearsGift | NewYearsGift: Manufacturers were loaded succsessfully 
2018-11-07 16:20:20.3787 | DEBUG | New_year_gifts.NewYearsGift | NewYearsGift: Manufacturers were loaded succsessfully 
2018-11-07 16:20:20.4493 | DEBUG | New_year_gifts.NewYearsGift | NewYearsGift: Manufacturers were loaded succsessfully 
2018-11-07 16:20:20.4593 | DEBUG | New_year_gifts.NewYearsGift | NewYearsGift: Types were loaded succsessfully 
2018-11-07 16:20:20.4593 | DEBUG | New_year_gifts.NewYearsGift | NewYearsGift: Types were loaded succsessfully 
2018-11-07 16:22:06.9631 | DEBUG | New_year_gifts.NewYearsGift | NewYearsGift: Items from xml succsessfully were added
2018-11-07 16:22:06.9991 | DEBUG | New_year_gifts.NewYearsGift | NewYearsGift: Manufacturers were loaded succsessfully 
2018-11-07 16:22:07.0111 | DEBUG | New_year_gifts.NewYearsGift | NewYearsGift: Manufacturers were loaded succsessfully 
2018-11-07 16:22:07.0172 | DEBUG | New_year_gifts.NewYearsGift | NewYearsGift: Manufacturers were loaded succsessfully 
2018-11-07 16:22:07.0172 | DEBUG | New_year_gifts.NewYearsGift | NewYearsGift: Types were loaded succsessfully 
2018-11-07 16:22:07.0172 | DEBUG | New_year_gifts.NewYearsGift | NewYearsGift: Types were loaded succsessfully 
2018-11-07 16:23:00.6131 | DEBUG | New_year_gifts.NewYearsGift | NewYearsGift: Items from xml succsessfully were added
2018-11-07 16:23:00.6501 | DEBUG | New_year_gifts.NewYearsGift | NewYearsGift: Manufacturers were loaded succsessfully 
2018-11-07 16:23:00.6581 | DEBUG | New_year_gifts.NewYearsGift | NewYearsGift: Manufacturers were loaded succsessfully 
2018-11-07 16:23:00.6581 | DEBUG | New_year_gifts.NewYearsGift | NewYearsGift: Manufacturers were loaded succsessfully 
2018-11-07 16:23:00.6581 | DEBUG | New_year_gifts.NewYearsGift | NewYearsGift: Types were loaded succsessfully 
2018-11-07 16:23:00.6811 | DEBUG | New_year_gifts.NewYearsGift | NewYearsGift: Types were loaded succsessfully 
2018-11-07 16:24:34.0872 | DEBUG | New_year_gifts.NewYearsGift | NewYearsGift: Items from xml succsessfully were added
2018-11-07 16:24:34.1221 | DEBUG | New_year_gifts.NewYearsGift | NewYearsGift: Manufacturers were loaded succsessfully 
2018-11-07 16:24:34.1281 | DEBUG | New_year_gifts.NewYearsGift | NewYearsGift: Manufacturers were loaded succsessfully 
2018-11-07 16:24:34.1281 | DEBUG | New_year_gifts.NewYearsGift | NewYearsGift: Manufacturers were loaded succsessfully 
2018-11-07 16:24:34.1401 | DEBUG | New_year_gifts.NewYearsGift | NewYearsGift: Types were loaded succsessfully 
2018-11-07 16:24:34.1401 | DEBUG | New_year_gifts.NewYearsGift | NewYearsGift: Types were loaded succsessfully 
2018-11-07 16:25:09.8590 | DEBUG | New_year_gifts.NewYearsGift | NewYearsGift: Items from xml succsessfully were added
2018-11-07 16:25:09.8990 | DEBUG | New_year_gifts.NewYearsGift | NewYearsGift: Manufacturers were loaded succsessfully 
2018-11-07 16:25:09.9060 | DEBUG | New_year_gifts.NewYearsGift | NewYearsGift: Manufacturers were loaded succsessfully 
2018-11-07 16:25:09.9060 | DEBUG | New_year_gifts.NewYearsGift | NewYearsGift: Manufacturers were loaded succsessfully 
2018-11-07 16:25:09.9060 | DEBUG | New_year_gifts.NewYearsGift | NewYearsGift: Types were loaded succsessfully 
2018-11-07 16:25:09.9239 | DEBUG | New_year_gifts.NewYearsGift | NewYearsGift: Types were loaded succsessfully 
2018-11-07 16:27:42.3041 | DEBUG | New_year_gifts.NewYearsGift | NewYearsGift: Items from xml succsessfully were added
2018-11-07 16:27:42.3391 | DEBUG | New_year_gifts.NewYearsGift | NewYearsGift: Manufacturers were loaded succsessfully 
2018-11-07 16:27:42.3451 | DEBUG | New_year_gifts.NewYearsGift | NewYearsGift: Manufacturers were loaded succsessfully 
2018-11-07 16:27:42.3451 | DEBUG | New_year_gifts.NewYearsGift | NewYearsGift: Manufacturers were loaded succsessfully 
2018-11-07 16:27:42.3451 | DEBUG | New_year_gifts.NewYearsGift | NewYearsGift: Types were loaded succsessfully 
2018-11-07 16:27:42.3641 | DEBUG | New_year_gifts.NewYearsGift | NewYearsGift: Types were loaded succsessfully 
2018-11-07 16:33:26.4279 | DEBUG | New_year_gifts.NewYearsGift | NewYearsGift: Items from xml succsessfully were added
2018-11-07 16:33:26.4648 | DEBUG | New_year_gifts.NewYearsGift | NewYearsGift: Manufacturers were loaded succsessfully 
2018-11-07 16:33:26.4718 | DEBUG | New_year_gifts.NewYearsGift | NewYearsGift: Manufacturers were loaded succsessfully 
2018-11-07 16:33:26.4718 | DEBUG | New_year_gifts.NewYearsGift | NewYearsGift: Manufacturers were loaded succsessfully 
2018-11-07 16:33:26.4858 | DEBUG | New_year_gifts.NewYearsGift | NewYearsGift: Types were loaded succsessfully 
2018-11-07 16:33:26.4858 | DEBUG | New_year_gifts.NewYearsGift | NewYearsGift: Types were loaded succsessfully 
2018-11-07 16:38:28.6095 | DEBUG | New_year_gifts.NewYearsGift | NewYearsGift: Items from xml succsessfully were added
2018-11-07 16:38:28.6595 | DEBUG | New_year_gifts.NewYearsGift | NewYearsGift: Manufacturers were loaded succsessfully 
2018-11-07 16:38:28.6595 | DEBUG | New_year_gifts.NewYearsGift | NewYearsGift: Manufacturers were loaded succsessfully 
2018-11-07 16:38:28.6785 | DEBUG | New_year_gifts.NewYearsGift | NewYearsGift: Manufacturers were loaded succsessfully 
2018-11-07 16:38:28.6785 | DEBUG | New_year_gifts.NewYearsGift | NewYearsGift: Types were loaded succsessfully 
2018-11-07 16:38:28.6955 | DEBUG | New_year_gifts.NewYearsGift | NewYearsGift: Types were loaded succsessfully 
2018-11-07 16:40:25.8683 | DEBUG | New_year_gifts.NewYearsGift | NewYearsGift: Items from xml succsessfully were added
2018-11-07 16:40:25.9023 | DEBUG | New_year_gifts.NewYearsGift | NewYearsGift: Manufacturers were loaded succsessfully 
2018-11-07 16:40:25.9093 | DEBUG | New_year_gifts.NewYearsGift | NewYearsGift: Manufacturers were loaded succsessfully 
2018-11-07 16:40:25.9093 | DEBUG | New_year_gifts.NewYearsGift | NewYearsGift: Manufacturers were loaded succsessfully 
2018-11-07 16:40:25.9093 | DEBUG | New_year_gifts.NewYearsGift | NewYearsGift: Types were loaded succsessfully 
2018-11-07 16:40:25.9263 | DEBUG | New_year_gifts.NewYearsGift | NewYearsGift: Types were loaded succsessfully 
2018-11-07 16:40:26.3530 | DEBUG | New_year_gifts.NewYearsGift | NewYearsGift: Items from xml succsessfully were added
2018-11-07 16:40:26.3590 | DEBUG | New_year_gifts.NewYearsGift | NewYearsGift: Manufacturers were loaded succsessfully 
2018-11-07 16:40:26.3590 | DEBUG | New_year_gifts.NewYearsGift | NewYearsGift: Manufacturers were loaded succsessfully 
2018-11-07 16:40:26.3590 | DEBUG | New_year_gifts.NewYearsGift | NewYearsGift: Manufacturers were loaded succsessfully 
2018-11-07 16:40:26.3780 | DEBUG | New_year_gifts.NewYearsGift | NewYearsGift: Types were loaded succsessfully 
2018-11-07 16:40:26.3780 | DEBUG | New_year_gifts.NewYearsGift | NewYearsGift: Types were loaded succsessfully 
2018-11-07 16:40:26.7780 | DEBUG | New_year_gifts.NewYearsGift | NewYearsGift: Items from xml succsessfully were added
2018-11-07 16:40:26.7837 | DEBUG | New_year_gifts.NewYearsGift | NewYearsGift: Manufacturers were loaded succsessfully 
2018-11-07 16:40:26.7837 | DEBUG | New_year_gifts.NewYearsGift | NewYearsGift: Manufacturers were loaded succsessfully 
2018-11-07 16:40:26.7837 | DEBUG | New_year_gifts.NewYearsGift | NewYearsGift: Manufacturers were loaded succsessfully 
2018-11-07 16:40:26.8015 | DEBUG | New_year_gifts.NewYearsGift | NewYearsGift: Types were loaded succsessfully 
2018-11-07 16:40:26.8015 | DEBUG | New_year_gifts.NewYearsGift | NewYearsGift: Types were loaded succsessfully 
2018-11-07 16:40:26.9786 | DEBUG | New_year_gifts.NewYearsGift | NewYearsGift: Items from xml succsessfully were added
2018-11-07 16:40:26.9846 | DEBUG | New_year_gifts.NewYearsGift | NewYearsGift: Manufacturers were loaded succsessfully 
2018-11-07 16:40:26.9846 | DEBUG | New_year_gifts.NewYearsGift | NewYearsGift: Manufacturers were loaded succsessfully 
2018-11-07 16:40:26.9846 | DEBUG | New_year_gifts.NewYearsGift | NewYearsGift: Manufacturers were loaded succsessfully 
2018-11-07 16:40:27.0021 | DEBUG | New_year_gifts.NewYearsGift | NewYearsGift: Types were loaded succsessfully 
2018-11-07 16:40:27.0021 | DEBUG | New_year_gifts.NewYearsGift | NewYearsGift: Types were loaded succsessfully 
2018-11-07 16:40:27.1506 | DEBUG | New_year_gifts.NewYearsGift | NewYearsGift: Items from xml succsessfully were added
2018-11-07 16:40:27.1561 | DEBUG | New_year_gifts.NewYearsGift | NewYearsGift: Manufacturers were loaded succsessfully 
2018-11-07 16:40:27.1561 | DEBUG | New_year_gifts.NewYearsGift | NewYearsGift: Manufacturers were loaded succsessfully 
2018-11-07 16:40:27.1561 | DEBUG | New_year_gifts.NewYearsGift | NewYearsGift: Manufacturers were loaded succsessfully 
2018-11-07 16:40:27.1751 | DEBUG | New_year_gifts.NewYearsGift | NewYearsGift: Types were loaded succsessfully 
2018-11-07 16:40:27.1751 | DEBUG | New_year_gifts.NewYearsGift | NewYearsGift: Types were loaded succsessfully 
2018-11-07 16:41:40.5983 | DEBUG | New_year_gifts.NewYearsGift | NewYearsGift: Items from xml succsessfully were added
2018-11-07 16:41:40.6313 | DEBUG | New_year_gifts.NewYearsGift | NewYearsGift: Manufacturers were loaded succsessfully 
2018-11-07 16:41:40.6313 | DEBUG | New_year_gifts.NewYearsGift | NewYearsGift: Manufacturers were loaded succsessfully 
2018-11-07 16:41:40.6433 | DEBUG | New_year_gifts.NewYearsGift | NewYearsGift: Manufacturers were loaded succsessfully 
2018-11-07 16:41:40.6433 | DEBUG | New_year_gifts.NewYearsGift | NewYearsGift: Types were loaded succsessfully 
2018-11-07 16:41:40.6593 | DEBUG | New_year_gifts.NewYearsGift | NewYearsGift: Types were loaded succsessfully 
2018-11-07 16:43:07.6466 | DEBUG | New_year_gifts.NewYearsGift | NewYearsGift: Items from xml succsessfully were added
2018-11-07 16:43:07.6835 | DEBUG | New_year_gifts.NewYearsGift | NewYearsGift: Manufacturers were loaded succsessfully 
2018-11-07 16:43:07.6895 | DEBUG | New_year_gifts.NewYearsGift | NewYearsGift: Manufacturers were loaded succsessfully 
2018-11-07 16:43:07.6895 | DEBUG | New_year_gifts.NewYearsGift | NewYearsGift: Manufacturers were loaded succsessfully 
2018-11-07 16:43:07.6895 | DEBUG | New_year_gifts.NewYearsGift | NewYearsGift: Types were loaded succsessfully 
2018-11-07 16:43:07.7085 | DEBUG | New_year_gifts.NewYearsGift | NewYearsGift: Types were loaded succsessfully 
2018-11-07 16:43:58.9947 | DEBUG | New_year_gifts.NewYearsGift | NewYearsGift: Items from xml succsessfully were added
2018-11-07 16:43:59.0347 | DEBUG | New_year_gifts.NewYearsGift | NewYearsGift: Manufacturers were loaded succsessfully 
2018-11-07 16:43:59.0347 | DEBUG | New_year_gifts.NewYearsGift | NewYearsGift: Manufacturers were loaded succsessfully 
2018-11-07 16:43:59.0536 | DEBUG | New_year_gifts.NewYearsGift | NewYearsGift: Manufacturers were loaded succsessfully 
2018-11-07 16:43:59.0536 | DEBUG | New_year_gifts.NewYearsGift | NewYearsGift: Types were loaded succsessfully 
2018-11-07 16:43:59.0659 | DEBUG | New_year_gifts.NewYearsGift | NewYearsGift: Types were loaded succsessfully 
2018-11-07 16:50:48.4557 | DEBUG | New_year_gifts.NewYearsGift | NewYearsGift: Items from xml succsessfully were added
2018-11-07 16:50:48.4912 | DEBUG | New_year_gifts.NewYearsGift | NewYearsGift: Manufacturers were loaded succsessfully 
2018-11-07 16:50:48.4912 | DEBUG | New_year_gifts.NewYearsGift | NewYearsGift: Manufacturers were loaded succsessfully 
2018-11-07 16:50:48.5062 | DEBUG | New_year_gifts.NewYearsGift | NewYearsGift: Manufacturers were loaded succsessfully 
2018-11-07 16:50:48.5917 | DEBUG | New_year_gifts.NewYearsGift | NewYearsGift: Types were loaded succsessfully 
2018-11-07 16:50:48.6007 | DEBUG | New_year_gifts.NewYearsGift | NewYearsGift: Types were loaded succsessfully 
2018-11-07 16:51:25.4978 | DEBUG | New_year_gifts.NewYearsGift | NewYearsGift: Items from xml succsessfully were added
2018-11-07 16:51:25.5327 | DEBUG | New_year_gifts.NewYearsGift | NewYearsGift: Manufacturers were loaded succsessfully 
2018-11-07 16:51:25.5327 | DEBUG | New_year_gifts.NewYearsGift | NewYearsGift: Manufacturers were loaded succsessfully 
2018-11-07 16:51:25.5327 | DEBUG | New_year_gifts.NewYearsGift | NewYearsGift: Manufacturers were loaded succsessfully 
2018-11-07 16:51:25.5506 | DEBUG | New_year_gifts.NewYearsGift | NewYearsGift: Types were loaded succsessfully 
2018-11-07 16:51:25.5506 | DEBUG | New_year_gifts.NewYearsGift | NewYearsGift: Types were loaded succsessfully 
2018-11-07 17:00:56.8512 | DEBUG | New_year_gifts.NewYearsGift | NewYearsGift: Items from xml succsessfully were added
2018-11-07 17:00:56.8862 | DEBUG | New_year_gifts.NewYearsGift | NewYearsGift: Manufacturers were loaded succsessfully 
2018-11-07 17:00:56.8922 | DEBUG | New_year_gifts.NewYearsGift | NewYearsGift: Manufacturers were loaded succsessfully 
2018-11-07 17:00:56.8922 | DEBUG | New_year_gifts.NewYearsGift | NewYearsGift: Manufacturers were loaded succsessfully 
2018-11-07 17:00:56.8922 | DEBUG | New_year_gifts.NewYearsGift | NewYearsGift: Types were loaded succsessfully 
2018-11-07 17:00:56.9131 | DEBUG | New_year_gifts.NewYearsGift | NewYearsGift: Types were loaded succsessfully 
2018-11-07 17:04:34.5786 | DEBUG | New_year_gifts.NewYearsGift | NewYearsGift: Items from xml succsessfully were added
2018-11-07 17:04:34.6136 | DEBUG | New_year_gifts.NewYearsGift | NewYearsGift: Manufacturers were loaded succsessfully 
2018-11-07 17:04:34.6136 | DEBUG | New_year_gifts.NewYearsGift | NewYearsGift: Manufacturers were loaded succsessfully 
2018-11-07 17:04:34.6256 | DEBUG | New_year_gifts.NewYearsGift | NewYearsGift: Manufacturers were loaded succsessfully 
2018-11-07 17:04:34.6256 | DEBUG | New_year_gifts.NewYearsGift | NewYearsGift: Types were loaded succsessfully 
2018-11-07 17:04:34.6256 | DEBUG | New_year_gifts.NewYearsGift | NewYearsGift: Types were loaded succsessfully 
2018-11-07 17:17:45.3796 | DEBUG | New_year_gifts.NewYearsGift | NewYearsGift: Items from xml succsessfully were added
2018-11-07 17:17:45.4156 | DEBUG | New_year_gifts.NewYearsGift | NewYearsGift: Manufacturers were loaded succsessfully 
2018-11-07 17:17:45.4216 | DEBUG | New_year_gifts.NewYearsGift | NewYearsGift: Manufacturers were loaded succsessfully 
2018-11-07 17:17:45.4216 | DEBUG | New_year_gifts.NewYearsGift | NewYearsGift: Manufacturers were loaded succsessfully 
2018-11-07 17:17:45.4216 | DEBUG | New_year_gifts.NewYearsGift | NewYearsGift: Types were loaded succsessfully 
2018-11-07 17:17:45.4446 | DEBUG | New_year_gifts.NewYearsGift | NewYearsGift: Types were loaded succsessfully 
2018-11-07 17:20:04.0009 | DEBUG | New_year_gifts.NewYearsGift | NewYearsGift: Items from xml succsessfully were added
2018-11-07 17:20:04.0358 | DEBUG | New_year_gifts.NewYearsGift | NewYearsGift: Manufacturers were loaded succsessfully 
2018-11-07 17:20:04.0358 | DEBUG | New_year_gifts.NewYearsGift | NewYearsGift: Manufacturers were loaded succsessfully 
2018-11-07 17:20:04.0488 | DEBUG | New_year_gifts.NewYearsGift | NewYearsGift: Manufacturers were loaded succsessfully 
2018-11-07 17:20:04.0488 | DEBUG | New_year_gifts.NewYearsGift | NewYearsGift: Types were loaded succsessfully 
2018-11-07 17:20:04.0626 | DEBUG | New_year_gifts.NewYearsGift | NewYearsGift: Types were loaded succsessfully 
2018-11-07 17:23:51.9943 | DEBUG | New_year_gifts.NewYearsGift | NewYearsGift: Items from xml succsessfully were added
2018-11-07 17:23:52.0293 | DEBUG | New_year_gifts.NewYearsGift | NewYearsGift: Manufacturers were loaded succsessfully 
2018-11-07 17:23:52.0353 | DEBUG | New_year_gifts.NewYearsGift | NewYearsGift: Manufacturers were loaded succsessfully 
2018-11-07 17:23:52.0353 | DEBUG | New_year_gifts.NewYearsGift | NewYearsGift: Manufacturers were loaded succsessfully 
2018-11-07 17:23:52.0483 | DEBUG | New_year_gifts.NewYearsGift | NewYearsGift: Types were loaded succsessfully 
2018-11-07 17:23:52.0483 | DEBUG | New_year_gifts.NewYearsGift | NewYearsGift: Types were loaded succsessfully 
2018-11-07 17:24:20.0455 | DEBUG | New_year_gifts.NewYearsGift | NewYearsGift: Items from xml succsessfully were added
2018-11-07 17:24:20.1315 | DEBUG | New_year_gifts.NewYearsGift | NewYearsGift: Manufacturers were loaded succsessfully 
2018-11-07 17:24:20.1315 | DEBUG | New_year_gifts.NewYearsGift | NewYearsGift: Manufacturers were loaded succsessfully 
2018-11-07 17:24:20.1435 | DEBUG | New_year_gifts.NewYearsGift | NewYearsGift: Manufacturers were loaded succsessfully 
2018-11-07 17:24:20.1435 | DEBUG | New_year_gifts.NewYearsGift | NewYearsGift: Types were loaded succsessfully 
2018-11-07 17:24:20.1565 | DEBUG | New_year_gifts.NewYearsGift | NewYearsGift: Types were loaded succsessfully 
2018-11-07 17:30:19.5153 | DEBUG | New_year_gifts.NewYearsGift | NewYearsGift: Items from xml succsessfully were added
2018-11-07 17:30:19.5543 | DEBUG | New_year_gifts.NewYearsGift | NewYearsGift: Manufacturers were loaded succsessfully 
2018-11-07 17:30:19.5543 | DEBUG | New_year_gifts.NewYearsGift | NewYearsGift: Manufacturers were loaded succsessfully 
2018-11-07 17:30:19.5683 | DEBUG | New_year_gifts.NewYearsGift | NewYearsGift: Manufacturers were loaded succsessfully 
2018-11-07 17:30:19.5683 | DEBUG | New_year_gifts.NewYearsGift | NewYearsGift: Types were loaded succsessfully 
2018-11-07 17:30:19.5833 | DEBUG | New_year_gifts.NewYearsGift | NewYearsGift: Types were loaded succsessfully 
2018-11-07 17:41:05.9812 | DEBUG | New_year_gifts.NewYearsGift | NewYearsGift: Items from xml succsessfully were added
2018-11-07 17:41:06.0172 | DEBUG | New_year_gifts.NewYearsGift | NewYearsGift: Manufacturers were loaded succsessfully 
2018-11-07 17:41:06.0172 | DEBUG | New_year_gifts.NewYearsGift | NewYearsGift: Manufacturers were loaded succsessfully 
2018-11-07 17:41:06.0172 | DEBUG | New_year_gifts.NewYearsGift | NewYearsGift: Manufacturers were loaded succsessfully 
2018-11-07 17:41:06.0397 | DEBUG | New_year_gifts.NewYearsGift | NewYearsGift: Types were loaded succsessfully 
2018-11-07 17:41:06.0397 | DEBUG | New_year_gifts.NewYearsGift | NewYearsGift: Types were loaded succsessfully 
2018-11-07 17:44:17.2880 | DEBUG | New_year_gifts.NewYearsGift | NewYearsGift: Items from xml succsessfully were added
2018-11-07 17:44:17.3240 | DEBUG | New_year_gifts.NewYearsGift | NewYearsGift: Manufacturers were loaded succsessfully 
2018-11-07 17:44:17.3300 | DEBUG | New_year_gifts.NewYearsGift | NewYearsGift: Manufacturers were loaded succsessfully 
2018-11-07 17:44:17.3300 | DEBUG | New_year_gifts.NewYearsGift | NewYearsGift: Manufacturers were loaded succsessfully 
2018-11-07 17:44:17.3300 | DEBUG | New_year_gifts.NewYearsGift | NewYearsGift: Types were loaded succsessfully 
2018-11-07 17:44:17.3510 | DEBUG | New_year_gifts.NewYearsGift | NewYearsGift: Types were loaded succsessfully 
2018-11-07 17:48:03.7227 | DEBUG | New_year_gifts.NewYearsGift | NewYearsGift: Items from xml succsessfully were added
2018-11-07 17:48:03.7641 | DEBUG | New_year_gifts.NewYearsGift | NewYearsGift: Manufacturers were loaded succsessfully 
2018-11-07 17:48:03.7751 | DEBUG | New_year_gifts.NewYearsGift | NewYearsGift: Manufacturers were loaded succsessfully 
2018-11-07 17:48:03.7833 | DEBUG | New_year_gifts.NewYearsGift | NewYearsGift: Manufacturers were loaded succsessfully 
2018-11-07 17:48:03.7833 | DEBUG | New_year_gifts.NewYearsGift | NewYearsGift: Types were loaded succsessfully 
2018-11-07 17:48:03.7833 | DEBUG | New_year_gifts.NewYearsGift | NewYearsGift: Types were loaded succsessfully 
2018-11-07 17:49:33.3877 | DEBUG | New_year_gifts.NewYearsGift | NewYearsGift: Items from xml succsessfully were added
2018-11-07 17:49:33.4227 | DEBUG | New_year_gifts.NewYearsGift | NewYearsGift: Manufacturers were loaded succsessfully 
2018-11-07 17:49:33.4227 | DEBUG | New_year_gifts.NewYearsGift | NewYearsGift: Manufacturers were loaded succsessfully 
2018-11-07 17:49:33.4227 | DEBUG | New_year_gifts.NewYearsGift | NewYearsGift: Manufacturers were loaded succsessfully 
2018-11-07 17:49:33.4417 | DEBUG | New_year_gifts.NewYearsGift | NewYearsGift: Types were loaded succsessfully 
2018-11-07 17:49:33.4417 | DEBUG | New_year_gifts.NewYearsGift | NewYearsGift: Types were loaded succsessfully 
2018-11-07 17:50:04.0114 | DEBUG | New_year_gifts.NewYearsGift | NewYearsGift: Items from xml succsessfully were added
2018-11-07 17:50:04.0474 | DEBUG | New_year_gifts.NewYearsGift | NewYearsGift: Manufacturers were loaded succsessfully 
2018-11-07 17:50:04.0474 | DEBUG | New_year_gifts.NewYearsGift | NewYearsGift: Manufacturers were loaded succsessfully 
2018-11-07 17:50:04.0474 | DEBUG | New_year_gifts.NewYearsGift | NewYearsGift: Manufacturers were loaded succsessfully 
2018-11-07 17:50:04.0697 | DEBUG | New_year_gifts.NewYearsGift | NewYearsGift: Types were loaded succsessfully 
2018-11-07 17:50:04.0697 | DEBUG | New_year_gifts.NewYearsGift | NewYearsGift: Types were loaded succsessfully 
2018-11-07 17:51:25.7689 | DEBUG | New_year_gifts.NewYearsGift | NewYearsGift: Items from xml succsessfully were added
2018-11-07 17:51:25.8039 | DEBUG | New_year_gifts.NewYearsGift | NewYearsGift: Manufacturers were loaded succsessfully 
2018-11-07 17:51:25.8039 | DEBUG | New_year_gifts.NewYearsGift | NewYearsGift: Manufacturers were loaded succsessfully 
2018-11-07 17:51:25.8189 | DEBUG | New_year_gifts.NewYearsGift | NewYearsGift: Manufacturers were loaded succsessfully 
2018-11-07 17:51:25.8189 | DEBUG | New_year_gifts.NewYearsGift | NewYearsGift: Types were loaded succsessfully 
2018-11-07 17:51:25.8319 | DEBUG | New_year_gifts.NewYearsGift | NewYearsGift: Types were loaded succsessfully 
2018-11-07 17:53:02.3382 | DEBUG | New_year_gifts.NewYearsGift | NewYearsGift: Items from xml succsessfully were added
2018-11-07 17:53:02.3731 | DEBUG | New_year_gifts.NewYearsGift | NewYearsGift: Manufacturers were loaded succsessfully 
2018-11-07 17:53:02.3801 | DEBUG | New_year_gifts.NewYearsGift | NewYearsGift: Manufacturers were loaded succsessfully 
2018-11-07 17:53:02.3801 | DEBUG | New_year_gifts.NewYearsGift | NewYearsGift: Manufacturers were loaded succsessfully 
2018-11-07 17:53:02.3931 | DEBUG | New_year_gifts.NewYearsGift | NewYearsGift: Types were loaded succsessfully 
2018-11-07 17:53:02.3931 | DEBUG | New_year_gifts.NewYearsGift | NewYearsGift: Types were loaded succsessfully 
2018-11-07 17:54:24.8536 | DEBUG | New_year_gifts.NewYearsGift | NewYearsGift: Items from xml succsessfully were added
2018-11-07 17:54:24.8966 | DEBUG | New_year_gifts.NewYearsGift | NewYearsGift: Manufacturers were loaded succsessfully 
2018-11-07 17:54:24.8966 | DEBUG | New_year_gifts.NewYearsGift | NewYearsGift: Manufacturers were loaded succsessfully 
2018-11-07 17:54:24.9096 | DEBUG | New_year_gifts.NewYearsGift | NewYearsGift: Manufacturers were loaded succsessfully 
2018-11-07 17:54:24.9096 | DEBUG | New_year_gifts.NewYearsGift | NewYearsGift: Types were loaded succsessfully 
2018-11-07 17:54:24.9226 | DEBUG | New_year_gifts.NewYearsGift | NewYearsGift: Types were loaded succsessfully 
2018-11-07 17:55:05.0171 | DEBUG | New_year_gifts.NewYearsGift | NewYearsGift: Items from xml succsessfully were added
2018-11-07 17:55:05.0520 | DEBUG | New_year_gifts.NewYearsGift | NewYearsGift: Manufacturers were loaded succsessfully 
2018-11-07 17:55:05.0520 | DEBUG | New_year_gifts.NewYearsGift | NewYearsGift: Manufacturers were loaded succsessfully 
2018-11-07 17:55:05.0660 | DEBUG | New_year_gifts.NewYearsGift | NewYearsGift: Manufacturers were loaded succsessfully 
2018-11-07 17:55:05.0660 | DEBUG | New_year_gifts.NewYearsGift | NewYearsGift: Types were loaded succsessfully 
2018-11-07 17:55:05.0790 | DEBUG | New_year_gifts.NewYearsGift | NewYearsGift: Types were loaded succsessfully 
2018-11-07 17:55:38.7372 | DEBUG | New_year_gifts.NewYearsGift | NewYearsGift: Items from xml succsessfully were added
2018-11-07 17:55:38.7712 | DEBUG | New_year_gifts.NewYearsGift | NewYearsGift: Manufacturers were loaded succsessfully 
2018-11-07 17:55:38.7712 | DEBUG | New_year_gifts.NewYearsGift | NewYearsGift: Manufacturers were loaded succsessfully 
2018-11-07 17:55:38.7852 | DEBUG | New_year_gifts.NewYearsGift | NewYearsGift: Manufacturers were loaded succsessfully 
2018-11-07 17:55:38.7852 | DEBUG | New_year_gifts.NewYearsGift | NewYearsGift: Types were loaded succsessfully 
2018-11-07 17:55:38.7982 | DEBUG | New_year_gifts.NewYearsGift | NewYearsGift: Types were loaded succsessfully 
2018-11-07 17:55:59.4212 | DEBUG | New_year_gifts.NewYearsGift | NewYearsGift: Items from xml succsessfully were added
2018-11-07 17:55:59.4582 | DEBUG | New_year_gifts.NewYearsGift | NewYearsGift: Manufacturers were loaded succsessfully 
2018-11-07 17:55:59.4582 | DEBUG | New_year_gifts.NewYearsGift | NewYearsGift: Manufacturers were loaded succsessfully 
2018-11-07 17:55:59.4712 | DEBUG | New_year_gifts.NewYearsGift | NewYearsGift: Manufacturers were loaded succsessfully 
2018-11-07 17:55:59.4712 | DEBUG | New_year_gifts.NewYearsGift | NewYearsGift: Types were loaded succsessfully 
2018-11-07 17:55:59.4842 | DEBUG | New_year_gifts.NewYearsGift | NewYearsGift: Types were loaded succsessfully 
2018-11-07 17:56:28.3275 | DEBUG | New_year_gifts.NewYearsGift | NewYearsGift: Items from xml succsessfully were added
2018-11-07 17:56:28.3645 | DEBUG | New_year_gifts.NewYearsGift | NewYearsGift: Manufacturers were loaded succsessfully 
2018-11-07 17:56:28.3645 | DEBUG | New_year_gifts.NewYearsGift | NewYearsGift: Manufacturers were loaded succsessfully 
2018-11-07 17:56:28.3785 | DEBUG | New_year_gifts.NewYearsGift | NewYearsGift: Manufacturers were loaded succsessfully 
2018-11-07 17:56:28.3785 | DEBUG | New_year_gifts.NewYearsGift | NewYearsGift: Types were loaded succsessfully 
2018-11-07 17:56:28.3935 | DEBUG | New_year_gifts.NewYearsGift | NewYearsGift: Types were loaded succsessfully 
2018-11-07 17:56:49.4384 | DEBUG | New_year_gifts.NewYearsGift | NewYearsGift: Items from xml succsessfully were added
2018-11-07 17:56:49.4793 | DEBUG | New_year_gifts.NewYearsGift | NewYearsGift: Manufacturers were loaded succsessfully 
2018-11-07 17:56:49.4873 | DEBUG | New_year_gifts.NewYearsGift | NewYearsGift: Manufacturers were loaded succsessfully 
2018-11-07 17:56:49.4873 | DEBUG | New_year_gifts.NewYearsGift | NewYearsGift: Manufacturers were loaded succsessfully 
2018-11-07 17:56:49.5043 | DEBUG | New_year_gifts.NewYearsGift | NewYearsGift: Types were loaded succsessfully 
2018-11-07 17:56:49.5043 | DEBUG | New_year_gifts.NewYearsGift | NewYearsGift: Types were loaded succsessfully 
2018-11-07 18:01:03.8580 | DEBUG | New_year_gifts.NewYearsGift | NewYearsGift: Items from xml succsessfully were added
2018-11-07 18:01:03.9020 | DEBUG | New_year_gifts.NewYearsGift | NewYearsGift: Manufacturers were loaded succsessfully 
2018-11-07 18:01:03.9110 | DEBUG | New_year_gifts.NewYearsGift | NewYearsGift: Manufacturers were loaded succsessfully 
2018-11-07 18:01:03.9110 | DEBUG | New_year_gifts.NewYearsGift | NewYearsGift: Manufacturers were loaded succsessfully 
2018-11-07 18:01:03.9240 | DEBUG | New_year_gifts.NewYearsGift | NewYearsGift: Types were loaded succsessfully 
2018-11-07 18:01:03.9240 | DEBUG | New_year_gifts.NewYearsGift | NewYearsGift: Types were loaded succsessfully 
2018-11-07 18:03:53.1803 | DEBUG | New_year_gifts.NewYearsGift | NewYearsGift: Items from xml succsessfully were added
2018-11-07 18:03:53.2182 | DEBUG | New_year_gifts.NewYearsGift | NewYearsGift: Manufacturers were loaded succsessfully 
2018-11-07 18:03:53.2182 | DEBUG | New_year_gifts.NewYearsGift | NewYearsGift: Manufacturers were loaded succsessfully 
2018-11-07 18:03:53.2182 | DEBUG | New_year_gifts.NewYearsGift | NewYearsGift: Manufacturers were loaded succsessfully 
2018-11-07 18:03:53.2392 | DEBUG | New_year_gifts.NewYearsGift | NewYearsGift: Types were loaded succsessfully 
2018-11-07 18:03:53.2392 | DEBUG | New_year_gifts.NewYearsGift | NewYearsGift: Types were loaded succsessfully 
2018-11-07 18:04:41.8962 | DEBUG | New_year_gifts.NewYearsGift | NewYearsGift: Items from xml succsessfully were added
2018-11-07 18:04:41.9302 | DEBUG | New_year_gifts.NewYearsGift | NewYearsGift: Manufacturers were loaded succsessfully 
2018-11-07 18:04:41.9391 | DEBUG | New_year_gifts.NewYearsGift | NewYearsGift: Manufacturers were loaded succsessfully 
2018-11-07 18:04:41.9391 | DEBUG | New_year_gifts.NewYearsGift | NewYearsGift: Manufacturers were loaded succsessfully 
2018-11-07 18:04:41.9391 | DEBUG | New_year_gifts.NewYearsGift | NewYearsGift: Types were loaded succsessfully 
2018-11-07 18:04:41.9612 | DEBUG | New_year_gifts.NewYearsGift | NewYearsGift: Types were loaded succsessfully 
2018-11-07 18:05:07.4487 | DEBUG | New_year_gifts.NewYearsGift | NewYearsGift: Items from xml succsessfully were added
2018-11-07 18:05:07.4877 | DEBUG | New_year_gifts.NewYearsGift | NewYearsGift: Manufacturers were loaded succsessfully 
2018-11-07 18:05:07.4877 | DEBUG | New_year_gifts.NewYearsGift | NewYearsGift: Manufacturers were loaded succsessfully 
2018-11-07 18:05:07.5017 | DEBUG | New_year_gifts.NewYearsGift | NewYearsGift: Manufacturers were loaded succsessfully 
2018-11-07 18:05:07.5017 | DEBUG | New_year_gifts.NewYearsGift | NewYearsGift: Types were loaded succsessfully 
2018-11-07 18:05:07.5156 | DEBUG | New_year_gifts.NewYearsGift | NewYearsGift: Types were loaded succsessfully 
2018-11-07 18:08:41.5141 | DEBUG | New_year_gifts.NewYearsGift | NewYearsGift: Items from xml succsessfully were added
2018-11-07 18:08:41.5501 | DEBUG | New_year_gifts.NewYearsGift | NewYearsGift: Manufacturers were loaded succsessfully 
2018-11-07 18:08:41.5501 | DEBUG | New_year_gifts.NewYearsGift | NewYearsGift: Manufacturers were loaded succsessfully 
2018-11-07 18:08:41.5631 | DEBUG | New_year_gifts.NewYearsGift | NewYearsGift: Manufacturers were loaded succsessfully 
2018-11-07 18:08:41.5631 | DEBUG | New_year_gifts.NewYearsGift | NewYearsGift: Types were loaded succsessfully 
2018-11-07 18:08:41.5631 | DEBUG | New_year_gifts.NewYearsGift | NewYearsGift: Types were loaded succsessfully 
2018-11-07 18:20:00.7712 | DEBUG | New_year_gifts.NewYearsGift | NewYearsGift: Items from xml succsessfully were added
2018-11-07 18:20:00.8201 | DEBUG | New_year_gifts.NewYearsGift | NewYearsGift: Manufacturers were loaded succsessfully 
2018-11-07 18:20:00.8201 | DEBUG | New_year_gifts.NewYearsGift | NewYearsGift: Manufacturers were loaded succsessfully 
2018-11-07 18:20:00.8351 | DEBUG | New_year_gifts.NewYearsGift | NewYearsGift: Manufacturers were loaded succsessfully 
2018-11-07 18:20:00.8351 | DEBUG | New_year_gifts.NewYearsGift | NewYearsGift: Types were loaded succsessfully 
2018-11-07 18:20:00.8501 | DEBUG | New_year_gifts.NewYearsGift | NewYearsGift: Types were loaded succsessfully 
2018-11-07 18:22:06.7574 | DEBUG | New_year_gifts.NewYearsGift | NewYearsGift: Items from xml succsessfully were added
2018-11-07 18:22:06.8033 | DEBUG | New_year_gifts.NewYearsGift | NewYearsGift: Manufacturers were loaded succsessfully 
2018-11-07 18:22:06.8033 | DEBUG | New_year_gifts.NewYearsGift | NewYearsGift: Manufacturers were loaded succsessfully 
2018-11-07 18:22:06.8183 | DEBUG | New_year_gifts.NewYearsGift | NewYearsGift: Manufacturers were loaded succsessfully 
2018-11-07 18:22:06.8183 | DEBUG | New_year_gifts.NewYearsGift | NewYearsGift: Types were loaded succsessfully 
2018-11-07 18:22:06.8353 | DEBUG | New_year_gifts.NewYearsGift | NewYearsGift: Types were loaded succsessfully 
2018-11-07 18:23:12.1948 | DEBUG | New_year_gifts.NewYearsGift | NewYearsGift: Items from xml succsessfully were added
2018-11-07 18:23:12.2498 | DEBUG | New_year_gifts.NewYearsGift | NewYearsGift: Manufacturers were loaded succsessfully 
2018-11-07 18:23:12.2498 | DEBUG | New_year_gifts.NewYearsGift | NewYearsGift: Manufacturers were loaded succsessfully 
2018-11-07 18:23:12.2498 | DEBUG | New_year_gifts.NewYearsGift | NewYearsGift: Types were loaded succsessfully 
2018-11-07 18:30:37.9532 | DEBUG | New_year_gifts.NewYearsGift | NewYearsGift: Items from xml succsessfully were added
2018-11-07 18:30:38.0043 | DEBUG | New_year_gifts.NewYearsGift | NewYearsGift: Manufacturers were loaded succsessfully 
2018-11-07 18:30:38.0043 | DEBUG | New_year_gifts.NewYearsGift | NewYearsGift: Manufacturers were loaded succsessfully 
2018-11-07 18:30:38.0173 | DEBUG | New_year_gifts.NewYearsGift | NewYearsGift: Manufacturers were loaded succsessfully 
2018-11-07 18:30:38.0173 | DEBUG | New_year_gifts.NewYearsGift | NewYearsGift: Types were loaded succsessfully 
2018-11-07 18:30:38.0173 | DEBUG | New_year_gifts.NewYearsGift | NewYearsGift: Types were loaded succsessfully 
2018-11-07 18:31:28.5030 | DEBUG | New_year_gifts.NewYearsGift | NewYearsGift: Items from xml succsessfully were added
2018-11-07 18:31:28.5030 | DEBUG | New_year_gifts.NewYearsGift | NewYearsGift: Manufacturers were loaded succsessfully 
2018-11-07 18:31:28.5200 | DEBUG | New_year_gifts.NewYearsGift | NewYearsGift: Manufacturers were loaded succsessfully 
2018-11-07 18:31:28.5200 | DEBUG | New_year_gifts.NewYearsGift | NewYearsGift: Types were loaded succsessfully 
2018-11-07 18:31:28.5400 | DEBUG | New_year_gifts.NewYearsGift | NewYearsGift: Types were loaded succsessfully 
2018-11-07 18:31:52.7290 | DEBUG | New_year_gifts.NewYearsGift | NewYearsGift: Items from xml succsessfully were added
2018-11-07 18:31:52.7680 | DEBUG | New_year_gifts.NewYearsGift | NewYearsGift: Manufacturers were loaded succsessfully 
2018-11-07 18:31:52.7680 | DEBUG | New_year_gifts.NewYearsGift | NewYearsGift: Manufacturers were loaded succsessfully 
2018-11-07 18:31:52.7840 | DEBUG | New_year_gifts.NewYearsGift | NewYearsGift: Manufacturers were loaded succsessfully 
2018-11-07 18:31:52.7840 | DEBUG | New_year_gifts.NewYearsGift | NewYearsGift: Types were loaded succsessfully 
2018-11-07 18:31:52.8000 | DEBUG | New_year_gifts.NewYearsGift | NewYearsGift: Types were loaded succsessfully 
2018-11-07 18:33:38.6414 | DEBUG | New_year_gifts.NewYearsGift | NewYearsGift: Items from xml succsessfully were added
2018-11-07 18:33:38.6904 | DEBUG | New_year_gifts.NewYearsGift | NewYearsGift: Manufacturers were loaded succsessfully 
2018-11-07 18:33:38.6904 | DEBUG | New_year_gifts.NewYearsGift | NewYearsGift: Manufacturers were loaded succsessfully 
2018-11-07 18:33:38.7074 | DEBUG | New_year_gifts.NewYearsGift | NewYearsGift: Manufacturers were loaded succsessfully 
2018-11-07 18:33:38.7184 | DEBUG | New_year_gifts.NewYearsGift | NewYearsGift: Types were loaded succsessfully 
2018-11-07 18:33:38.7184 | DEBUG | New_year_gifts.NewYearsGift | NewYearsGift: Types were loaded succsessfully 
2018-11-07 18:34:35.7666 | DEBUG | New_year_gifts.NewYearsGift | NewYearsGift: Items from xml succsessfully were added
2018-11-07 18:34:35.8125 | DEBUG | New_year_gifts.NewYearsGift | NewYearsGift: Manufacturers were loaded succsessfully 
2018-11-07 18:34:35.8125 | DEBUG | New_year_gifts.NewYearsGift | NewYearsGift: Manufacturers were loaded succsessfully 
2018-11-07 18:34:35.8295 | DEBUG | New_year_gifts.NewYearsGift | NewYearsGift: Manufacturers were loaded succsessfully 
2018-11-07 18:34:35.8295 | DEBUG | New_year_gifts.NewYearsGift | NewYearsGift: Types were loaded succsessfully 
2018-11-07 18:34:35.8435 | DEBUG | New_year_gifts.NewYearsGift | NewYearsGift: Types were loaded succsessfully 
2018-11-07 18:36:12.7234 | DEBUG | New_year_gifts.NewYearsGift | NewYearsGift: Items from xml succsessfully were added
2018-11-07 18:36:12.8105 | DEBUG | New_year_gifts.NewYearsGift | NewYearsGift: Manufacturers were loaded succsessfully 
2018-11-07 18:36:12.8175 | DEBUG | New_year_gifts.NewYearsGift | NewYearsGift: Manufacturers were loaded succsessfully 
2018-11-07 18:36:12.8175 | DEBUG | New_year_gifts.NewYearsGift | NewYearsGift: Manufacturers were loaded succsessfully 
2018-11-07 18:36:12.8335 | DEBUG | New_year_gifts.NewYearsGift | NewYearsGift: Types were loaded succsessfully 
2018-11-07 18:36:12.8335 | DEBUG | New_year_gifts.NewYearsGift | NewYearsGift: Types were loaded succsessfully 
2018-11-07 18:37:24.8143 | DEBUG | New_year_gifts.NewYearsGift | NewYearsGift: Items from xml succsessfully were added
2018-11-07 18:37:24.8542 | DEBUG | New_year_gifts.NewYearsGift | NewYearsGift: Manufacturers were loaded succsessfully 
2018-11-07 18:37:24.8622 | DEBUG | New_year_gifts.NewYearsGift | NewYearsGift: Manufacturers were loaded succsessfully 
2018-11-07 18:37:24.8622 | DEBUG | New_year_gifts.NewYearsGift | NewYearsGift: Manufacturers were loaded succsessfully 
2018-11-07 18:37:24.8762 | DEBUG | New_year_gifts.NewYearsGift | NewYearsGift: Types were loaded succsessfully 
2018-11-07 18:37:24.8762 | DEBUG | New_year_gifts.NewYearsGift | NewYearsGift: Types were loaded succsessfully 
2018-11-07 18:38:12.1216 | DEBUG | New_year_gifts.NewYearsGift | NewYearsGift: Items from xml succsessfully were added
2018-11-07 18:38:12.1857 | DEBUG | New_year_gifts.NewYearsGift | NewYearsGift: Manufacturers were loaded succsessfully 
2018-11-07 18:38:12.1957 | DEBUG | New_year_gifts.NewYearsGift | NewYearsGift: Manufacturers were loaded succsessfully 
2018-11-07 18:38:12.2027 | DEBUG | New_year_gifts.NewYearsGift | NewYearsGift: Manufacturers were loaded succsessfully 
2018-11-07 18:38:12.2027 | DEBUG | New_year_gifts.NewYearsGift | NewYearsGift: Types were loaded succsessfully 
2018-11-07 18:38:12.2027 | DEBUG | New_year_gifts.NewYearsGift | NewYearsGift: Types were loaded succsessfully 
2018-11-07 18:39:34.7950 | DEBUG | New_year_gifts.NewYearsGift | NewYearsGift: Items from xml succsessfully were added
2018-11-07 18:39:34.8760 | DEBUG | New_year_gifts.NewYearsGift | NewYearsGift: Manufacturers were loaded succsessfully 
2018-11-07 18:39:34.8760 | DEBUG | New_year_gifts.NewYearsGift | NewYearsGift: Manufacturers were loaded succsessfully 
2018-11-07 18:39:34.8902 | DEBUG | New_year_gifts.NewYearsGift | NewYearsGift: Manufacturers were loaded succsessfully 
2018-11-07 18:39:34.8902 | DEBUG | New_year_gifts.NewYearsGift | NewYearsGift: Types were loaded succsessfully 
2018-11-07 18:39:34.8902 | DEBUG | New_year_gifts.NewYearsGift | NewYearsGift: Types were loaded succsessfully 
2018-11-07 18:53:45.8214 | DEBUG | New_year_gifts.NewYearsGift | NewYearsGift: Items from xml succsessfully were added
2018-11-07 18:53:45.8784 | DEBUG | New_year_gifts.NewYearsGift | NewYearsGift: Manufacturers were loaded succsessfully 
2018-11-07 18:53:45.8944 | DEBUG | New_year_gifts.NewYearsGift | NewYearsGift: Manufacturers were loaded succsessfully 
2018-11-07 18:53:45.8944 | DEBUG | New_year_gifts.NewYearsGift | NewYearsGift: Manufacturers were loaded succsessfully 
2018-11-07 18:53:45.9113 | DEBUG | New_year_gifts.NewYearsGift | NewYearsGift: Types were loaded succsessfully 
2018-11-07 18:53:45.9113 | DEBUG | New_year_gifts.NewYearsGift | NewYearsGift: Types were loaded succsessfully 
2018-11-07 18:54:26.9810 | DEBUG | New_year_gifts.NewYearsGift | NewYearsGift: Items from xml succsessfully were added
2018-11-07 18:54:27.0259 | DEBUG | New_year_gifts.NewYearsGift | NewYearsGift: Manufacturers were loaded succsessfully 
2018-11-07 18:54:27.0359 | DEBUG | New_year_gifts.NewYearsGift | NewYearsGift: Manufacturers were loaded succsessfully 
2018-11-07 18:54:27.0469 | DEBUG | New_year_gifts.NewYearsGift | NewYearsGift: Manufacturers were loaded succsessfully 
2018-11-07 18:54:27.0469 | DEBUG | New_year_gifts.NewYearsGift | NewYearsGift: Types were loaded succsessfully 
2018-11-07 18:54:27.0719 | DEBUG | New_year_gifts.NewYearsGift | NewYearsGift: Types were loaded succsessfully 
2018-11-07 18:55:30.1201 | DEBUG | New_year_gifts.NewYearsGift | NewYearsGift: Items from xml succsessfully were added
2018-11-07 18:55:30.1571 | DEBUG | New_year_gifts.NewYearsGift | NewYearsGift: Manufacturers were loaded succsessfully 
2018-11-07 18:55:30.1571 | DEBUG | New_year_gifts.NewYearsGift | NewYearsGift: Manufacturers were loaded succsessfully 
2018-11-07 18:55:30.1734 | DEBUG | New_year_gifts.NewYearsGift | NewYearsGift: Manufacturers were loaded succsessfully 
2018-11-07 18:55:30.1734 | DEBUG | New_year_gifts.NewYearsGift | NewYearsGift: Types were loaded succsessfully 
2018-11-07 18:55:30.1874 | DEBUG | New_year_gifts.NewYearsGift | NewYearsGift: Types were loaded succsessfully 
2018-11-07 19:16:33.6218 | DEBUG | New_year_gifts.NewYearsGift | NewYearsGift: Items from xml succsessfully were added
2018-11-07 19:16:33.6638 | DEBUG | New_year_gifts.NewYearsGift | NewYearsGift: Manufacturers were loaded succsessfully 
2018-11-07 19:16:33.6638 | DEBUG | New_year_gifts.NewYearsGift | NewYearsGift: Manufacturers were loaded succsessfully 
2018-11-07 19:16:33.6818 | DEBUG | New_year_gifts.NewYearsGift | NewYearsGift: Manufacturers were loaded succsessfully 
2018-11-07 19:16:33.6898 | DEBUG | New_year_gifts.NewYearsGift | NewYearsGift: Types were loaded succsessfully 
2018-11-07 19:16:33.6898 | DEBUG | New_year_gifts.NewYearsGift | NewYearsGift: Types were loaded succsessfully 
2018-11-07 19:18:51.1245 | DEBUG | New_year_gifts.NewYearsGift | NewYearsGift: Items from xml succsessfully were added
2018-11-07 19:18:51.1625 | DEBUG | New_year_gifts.NewYearsGift | NewYearsGift: Manufacturers were loaded succsessfully 
2018-11-07 19:18:51.1625 | DEBUG | New_year_gifts.NewYearsGift | NewYearsGift: Manufacturers were loaded succsessfully 
2018-11-07 19:18:51.1765 | DEBUG | New_year_gifts.NewYearsGift | NewYearsGift: Manufacturers were loaded succsessfully 
2018-11-07 19:18:51.1765 | DEBUG | New_year_gifts.NewYearsGift | NewYearsGift: Types were loaded succsessfully 
2018-11-07 19:18:51.1905 | DEBUG | New_year_gifts.NewYearsGift | NewYearsGift: Types were loaded succsessfully 
2018-11-07 19:22:51.4462 | DEBUG | New_year_gifts.NewYearsGift | NewYearsGift: Items from xml succsessfully were added
2018-11-07 19:22:51.4841 | DEBUG | New_year_gifts.NewYearsGift | NewYearsGift: Manufacturers were loaded succsessfully 
2018-11-07 19:22:51.4841 | DEBUG | New_year_gifts.NewYearsGift | NewYearsGift: Manufacturers were loaded succsessfully 
2018-11-07 19:22:51.4841 | DEBUG | New_year_gifts.NewYearsGift | NewYearsGift: Manufacturers were loaded succsessfully 
2018-11-07 19:22:51.5071 | DEBUG | New_year_gifts.NewYearsGift | NewYearsGift: Types were loaded succsessfully 
2018-11-07 19:22:51.5071 | DEBUG | New_year_gifts.NewYearsGift | NewYearsGift: Types were loaded succsessfully 
2018-11-07 19:23:54.6056 | DEBUG | New_year_gifts.NewYearsGift | NewYearsGift: Items from xml succsessfully were added
2018-11-07 19:23:54.6716 | DEBUG | New_year_gifts.NewYearsGift | NewYearsGift: Manufacturers were loaded succsessfully 
2018-11-07 19:23:54.6716 | DEBUG | New_year_gifts.NewYearsGift | NewYearsGift: Manufacturers were loaded succsessfully 
2018-11-07 19:23:54.6957 | DEBUG | New_year_gifts.NewYearsGift | NewYearsGift: Manufacturers were loaded succsessfully 
2018-11-07 19:23:54.7077 | DEBUG | New_year_gifts.NewYearsGift | NewYearsGift: Types were loaded succsessfully 
2018-11-07 19:23:54.7207 | DEBUG | New_year_gifts.NewYearsGift | NewYearsGift: Types were loaded succsessfully 
2018-11-07 19:24:25.6331 | DEBUG | New_year_gifts.NewYearsGift | NewYearsGift: Items from xml succsessfully were added
2018-11-07 19:24:25.6721 | DEBUG | New_year_gifts.NewYearsGift | NewYearsGift: Manufacturers were loaded succsessfully 
2018-11-07 19:24:25.6721 | DEBUG | New_year_gifts.NewYearsGift | NewYearsGift: Manufacturers were loaded succsessfully 
2018-11-07 19:24:25.6881 | DEBUG | New_year_gifts.NewYearsGift | NewYearsGift: Manufacturers were loaded succsessfully 
2018-11-07 19:24:25.6881 | DEBUG | New_year_gifts.NewYearsGift | NewYearsGift: Types were loaded succsessfully 
2018-11-07 19:24:25.7031 | DEBUG | New_year_gifts.NewYearsGift | NewYearsGift: Types were loaded succsessfully 
2018-11-07 19:24:42.6407 | DEBUG | New_year_gifts.NewYearsGift | NewYearsGift: Items from xml succsessfully were added
2018-11-07 19:24:42.6877 | DEBUG | New_year_gifts.NewYearsGift | NewYearsGift: Manufacturers were loaded succsessfully 
2018-11-07 19:24:42.6877 | DEBUG | New_year_gifts.NewYearsGift | NewYearsGift: Manufacturers were loaded succsessfully 
2018-11-07 19:24:42.7037 | DEBUG | New_year_gifts.NewYearsGift | NewYearsGift: Manufacturers were loaded succsessfully 
2018-11-07 19:24:42.7037 | DEBUG | New_year_gifts.NewYearsGift | NewYearsGift: Types were loaded succsessfully 
2018-11-07 19:24:42.7197 | DEBUG | New_year_gifts.NewYearsGift | NewYearsGift: Types were loaded succsessfully 
2018-11-07 19:26:04.6843 | DEBUG | New_year_gifts.NewYearsGift | NewYearsGift: Items from xml succsessfully were added
2018-11-07 19:26:04.7223 | DEBUG | New_year_gifts.NewYearsGift | NewYearsGift: Manufacturers were loaded succsessfully 
2018-11-07 19:26:04.7223 | DEBUG | New_year_gifts.NewYearsGift | NewYearsGift: Manufacturers were loaded succsessfully 
2018-11-07 19:26:04.7373 | DEBUG | New_year_gifts.NewYearsGift | NewYearsGift: Manufacturers were loaded succsessfully 
2018-11-07 19:26:04.7373 | DEBUG | New_year_gifts.NewYearsGift | NewYearsGift: Types were loaded succsessfully 
2018-11-07 19:26:04.7513 | DEBUG | New_year_gifts.NewYearsGift | NewYearsGift: Types were loaded succsessfully 
2018-11-07 19:29:52.7017 | DEBUG | New_year_gifts.NewYearsGift | NewYearsGift: Items from xml succsessfully were added
2018-11-07 19:29:52.7467 | DEBUG | New_year_gifts.NewYearsGift | NewYearsGift: Manufacturers were loaded succsessfully 
2018-11-07 19:29:52.7537 | DEBUG | New_year_gifts.NewYearsGift | NewYearsGift: Manufacturers were loaded succsessfully 
2018-11-07 19:29:52.7537 | DEBUG | New_year_gifts.NewYearsGift | NewYearsGift: Manufacturers were loaded succsessfully 
2018-11-07 19:29:52.7697 | DEBUG | New_year_gifts.NewYearsGift | NewYearsGift: Types were loaded succsessfully 
2018-11-07 19:29:52.7697 | DEBUG | New_year_gifts.NewYearsGift | NewYearsGift: Types were loaded succsessfully 
2018-11-07 19:31:58.1170 | DEBUG | New_year_gifts.NewYearsGift | NewYearsGift: Items from xml succsessfully were added
2018-11-07 19:31:58.1580 | DEBUG | New_year_gifts.NewYearsGift | NewYearsGift: Manufacturers were loaded succsessfully 
2018-11-07 19:31:58.1580 | DEBUG | New_year_gifts.NewYearsGift | NewYearsGift: Manufacturers were loaded succsessfully 
2018-11-07 19:31:58.1720 | DEBUG | New_year_gifts.NewYearsGift | NewYearsGift: Manufacturers were loaded succsessfully 
2018-11-07 19:31:58.1720 | DEBUG | New_year_gifts.NewYearsGift | NewYearsGift: Types were loaded succsessfully 
2018-11-07 19:31:58.1870 | DEBUG | New_year_gifts.NewYearsGift | NewYearsGift: Types were loaded succsessfully 
2018-11-07 19:36:27.9164 | DEBUG | New_year_gifts.NewYearsGift | NewYearsGift: Items from xml succsessfully were added
2018-11-07 19:36:27.9534 | DEBUG | New_year_gifts.NewYearsGift | NewYearsGift: Manufacturers were loaded succsessfully 
2018-11-07 19:36:27.9534 | DEBUG | New_year_gifts.NewYearsGift | NewYearsGift: Manufacturers were loaded succsessfully 
2018-11-07 19:36:27.9704 | DEBUG | New_year_gifts.NewYearsGift | NewYearsGift: Manufacturers were loaded succsessfully 
2018-11-07 19:36:27.9704 | DEBUG | New_year_gifts.NewYearsGift | NewYearsGift: Types were loaded succsessfully 
2018-11-07 19:36:27.9844 | DEBUG | New_year_gifts.NewYearsGift | NewYearsGift: Types were loaded succsessfully 
2018-11-07 19:41:58.3256 | DEBUG | New_year_gifts.NewYearsGift | NewYearsGift: Items from xml succsessfully were added
2018-11-07 19:41:58.3656 | DEBUG | New_year_gifts.NewYearsGift | NewYearsGift: Manufacturers were loaded succsessfully 
2018-11-07 19:41:58.3766 | DEBUG | New_year_gifts.NewYearsGift | NewYearsGift: Manufacturers were loaded succsessfully 
2018-11-07 19:41:58.3766 | DEBUG | New_year_gifts.NewYearsGift | NewYearsGift: Manufacturers were loaded succsessfully 
2018-11-07 19:41:58.3936 | DEBUG | New_year_gifts.NewYearsGift | NewYearsGift: Types were loaded succsessfully 
2018-11-07 19:41:58.3936 | DEBUG | New_year_gifts.NewYearsGift | NewYearsGift: Types were loaded succsessfully 
2018-11-07 19:45:08.5792 | DEBUG | New_year_gifts.NewYearsGift | NewYearsGift: Items from xml succsessfully were added
2018-11-07 19:45:08.6142 | DEBUG | New_year_gifts.NewYearsGift | NewYearsGift: Manufacturers were loaded succsessfully 
2018-11-07 19:45:08.6142 | DEBUG | New_year_gifts.NewYearsGift | NewYearsGift: Manufacturers were loaded succsessfully 
2018-11-07 19:45:08.6282 | DEBUG | New_year_gifts.NewYearsGift | NewYearsGift: Manufacturers were loaded succsessfully 
2018-11-07 19:45:08.6282 | DEBUG | New_year_gifts.NewYearsGift | NewYearsGift: Types were loaded succsessfully 
2018-11-07 19:45:08.6421 | DEBUG | New_year_gifts.NewYearsGift | NewYearsGift: Types were loaded succsessfully 
2018-11-07 19:47:09.6792 | DEBUG | New_year_gifts.NewYearsGift | NewYearsGift: Items from xml succsessfully were added
2018-11-07 19:47:09.7162 | DEBUG | New_year_gifts.NewYearsGift | NewYearsGift: Manufacturers were loaded succsessfully 
2018-11-07 19:47:09.7232 | DEBUG | New_year_gifts.NewYearsGift | NewYearsGift: Manufacturers were loaded succsessfully 
2018-11-07 19:47:09.7232 | DEBUG | New_year_gifts.NewYearsGift | NewYearsGift: Manufacturers were loaded succsessfully 
2018-11-07 19:47:09.7362 | DEBUG | New_year_gifts.NewYearsGift | NewYearsGift: Types were loaded succsessfully 
2018-11-07 19:47:09.7362 | DEBUG | New_year_gifts.NewYearsGift | NewYearsGift: Types were loaded succsessfully 
2018-11-07 19:49:05.0588 | DEBUG | New_year_gifts.NewYearsGift | NewYearsGift: Items from xml succsessfully were added
2018-11-07 19:49:05.0981 | DEBUG | New_year_gifts.NewYearsGift | NewYearsGift: Manufacturers were loaded succsessfully 
2018-11-07 19:49:05.1141 | DEBUG | New_year_gifts.NewYearsGift | NewYearsGift: Manufacturers were loaded succsessfully 
2018-11-07 19:49:05.1141 | DEBUG | New_year_gifts.NewYearsGift | NewYearsGift: Manufacturers were loaded succsessfully 
2018-11-07 19:49:05.1321 | DEBUG | New_year_gifts.NewYearsGift | NewYearsGift: Types were loaded succsessfully 
2018-11-07 19:49:05.1401 | DEBUG | New_year_gifts.NewYearsGift | NewYearsGift: Types were loaded succsessfully 
2018-11-07 20:04:51.2849 | DEBUG | New_year_gifts.NewYearsGift | NewYearsGift: Items from xml succsessfully were added
2018-11-07 20:04:51.3209 | DEBUG | New_year_gifts.NewYearsGift | NewYearsGift: Manufacturers were loaded succsessfully 
2018-11-07 20:04:51.3309 | DEBUG | New_year_gifts.NewYearsGift | NewYearsGift: Manufacturers were loaded succsessfully 
2018-11-07 20:04:51.3309 | DEBUG | New_year_gifts.NewYearsGift | NewYearsGift: Manufacturers were loaded succsessfully 
2018-11-07 20:04:51.3459 | DEBUG | New_year_gifts.NewYearsGift | NewYearsGift: Types were loaded succsessfully 
2018-11-07 20:04:51.3459 | DEBUG | New_year_gifts.NewYearsGift | NewYearsGift: Types were loaded succsessfully 
2018-11-07 20:06:19.7267 | DEBUG | New_year_gifts.NewYearsGift | NewYearsGift: Items from xml succsessfully were added
2018-11-07 20:06:19.7748 | DEBUG | New_year_gifts.NewYearsGift | NewYearsGift: Manufacturers were loaded succsessfully 
2018-11-07 20:06:19.7868 | DEBUG | New_year_gifts.NewYearsGift | NewYearsGift: Types were loaded succsessfully 
2018-11-07 20:06:28.9749 | DEBUG | New_year_gifts.NewYearsGift | NewYearsGift: Items from xml succsessfully were added
2018-11-07 20:06:29.0238 | DEBUG | New_year_gifts.NewYearsGift | NewYearsGift: Manufacturers were loaded succsessfully 
2018-11-07 20:06:29.0338 | DEBUG | New_year_gifts.NewYearsGift | NewYearsGift: Manufacturers were loaded succsessfully 
2018-11-07 20:06:29.0338 | DEBUG | New_year_gifts.NewYearsGift | NewYearsGift: Manufacturers were loaded succsessfully 
2018-11-07 20:06:29.0488 | DEBUG | New_year_gifts.NewYearsGift | NewYearsGift: Types were loaded succsessfully 
2018-11-07 20:06:29.0488 | DEBUG | New_year_gifts.NewYearsGift | NewYearsGift: Types were loaded succsessfully 
2018-11-07 20:08:45.2902 | DEBUG | New_year_gifts.NewYearsGift | NewYearsGift: Items from xml were added succsessfully 
2018-11-07 20:08:45.3682 | DEBUG | New_year_gifts.NewYearsGift | NewYearsGift: Manufacturers were loaded succsessfully 
2018-11-07 20:08:45.3861 | DEBUG | New_year_gifts.NewYearsGift | NewYearsGift: Manufacturers were loaded succsessfully 
2018-11-07 20:08:45.3971 | DEBUG | New_year_gifts.NewYearsGift | NewYearsGift: Manufacturers were loaded succsessfully 
2018-11-07 20:08:45.4081 | DEBUG | New_year_gifts.NewYearsGift | NewYearsGift: Types were loaded succsessfully 
2018-11-07 20:08:45.4081 | DEBUG | New_year_gifts.NewYearsGift | NewYearsGift: Types were loaded succsessfully 
2018-11-07 23:27:00.2552 | DEBUG | New_year_gifts.NewYearsGift | NewYearsGift: Items from xml were added succsessfully 
2018-11-07 23:27:00.2952 | DEBUG | New_year_gifts.NewYearsGift | NewYearsGift: Manufacturers were loaded succsessfully 
2018-11-07 23:27:00.3062 | DEBUG | New_year_gifts.NewYearsGift | NewYearsGift: Manufacturers were loaded succsessfully 
2018-11-07 23:27:00.3142 | DEBUG | New_year_gifts.NewYearsGift | NewYearsGift: Manufacturers were loaded succsessfully 
2018-11-07 23:27:00.3142 | DEBUG | New_year_gifts.NewYearsGift | NewYearsGift: Types were loaded succsessfully 
2018-11-07 23:27:00.3312 | DEBUG | New_year_gifts.NewYearsGift | NewYearsGift: Types were loaded succsessfully 
2018-11-07 23:28:05.6161 | DEBUG | New_year_gifts.NewYearsGift | NewYearsGift: Items from xml were added succsessfully 
2018-11-07 23:28:05.6505 | DEBUG | New_year_gifts.NewYearsGift | NewYearsGift: Manufacturers were loaded succsessfully 
2018-11-07 23:28:05.6565 | DEBUG | New_year_gifts.NewYearsGift | NewYearsGift: Manufacturers were loaded succsessfully 
2018-11-07 23:28:05.6565 | DEBUG | New_year_gifts.NewYearsGift | NewYearsGift: Manufacturers were loaded succsessfully 
2018-11-07 23:28:05.6565 | DEBUG | New_year_gifts.NewYearsGift | NewYearsGift: Types were loaded succsessfully 
2018-11-07 23:28:05.6775 | DEBUG | New_year_gifts.NewYearsGift | NewYearsGift: Types were loaded succsessfully 
2018-11-07 23:29:29.2011 | DEBUG | New_year_gifts.NewYearsGift | NewYearsGift: Items from xml were added succsessfully 
2018-11-07 23:29:29.2461 | DEBUG | New_year_gifts.NewYearsGift | NewYearsGift: Manufacturers were loaded succsessfully 
2018-11-07 23:29:29.2531 | DEBUG | New_year_gifts.NewYearsGift | NewYearsGift: Manufacturers were loaded succsessfully 
2018-11-07 23:29:29.2531 | DEBUG | New_year_gifts.NewYearsGift | NewYearsGift: Manufacturers were loaded succsessfully 
2018-11-07 23:29:29.2671 | DEBUG | New_year_gifts.NewYearsGift | NewYearsGift: Types were loaded succsessfully 
2018-11-07 23:29:29.2671 | DEBUG | New_year_gifts.NewYearsGift | NewYearsGift: Types were loaded succsessfully 
